{"/app/src/stores/garage.store.ts": {"path":"/app/src/stores/garage.store.ts","statementMap":{"0":{"start":{"line":24,"column":38},"end":{"line":32,"column":5}},"1":{"start":{"line":34,"column":34},"end":{"line":34,"column":36}},"2":{"start":{"line":35,"column":51},"end":{"line":35,"column":54}},"3":{"start":{"line":38,"column":8},"end":{"line":38,"column":80}},"4":{"start":{"line":38,"column":39},"end":{"line":38,"column":70}},"5":{"start":{"line":42,"column":8},"end":{"line":44,"column":85}},"6":{"start":{"line":43,"column":25},"end":{"line":43,"column":63}},"7":{"start":{"line":44,"column":28},"end":{"line":44,"column":83}},"8":{"start":{"line":48,"column":8},"end":{"line":48,"column":88}},"9":{"start":{"line":48,"column":64},"end":{"line":48,"column":83}},"10":{"start":{"line":52,"column":24},"end":{"line":52,"column":85}},"11":{"start":{"line":52,"column":64},"end":{"line":52,"column":84}},"12":{"start":{"line":53,"column":24},"end":{"line":53,"column":89}},"13":{"start":{"line":53,"column":64},"end":{"line":53,"column":88}},"14":{"start":{"line":55,"column":8},"end":{"line":60,"column":10}},"15":{"start":{"line":56,"column":55},"end":{"line":56,"column":69}},"16":{"start":{"line":57,"column":55},"end":{"line":57,"column":69}},"17":{"start":{"line":58,"column":73},"end":{"line":58,"column":94}},"18":{"start":{"line":59,"column":73},"end":{"line":59,"column":94}},"19":{"start":{"line":63,"column":25},"end":{"line":72,"column":5}},"20":{"start":{"line":64,"column":27},"end":{"line":67,"column":9}},"21":{"start":{"line":68,"column":8},"end":{"line":68,"column":39}},"22":{"start":{"line":69,"column":8},"end":{"line":71,"column":9}},"23":{"start":{"line":70,"column":12},"end":{"line":70,"column":51}},"24":{"start":{"line":74,"column":28},"end":{"line":76,"column":5}},"25":{"start":{"line":75,"column":8},"end":{"line":75,"column":36}},"26":{"start":{"line":78,"column":21},"end":{"line":89,"column":5}},"27":{"start":{"line":79,"column":23},"end":{"line":83,"column":9}},"28":{"start":{"line":84,"column":8},"end":{"line":84,"column":31}},"29":{"start":{"line":91,"column":33},"end":{"line":97,"column":5}},"30":{"start":{"line":92,"column":24},"end":{"line":92,"column":60}},"31":{"start":{"line":92,"column":48},"end":{"line":92,"column":59}},"32":{"start":{"line":93,"column":8},"end":{"line":96,"column":9}},"33":{"start":{"line":94,"column":12},"end":{"line":94,"column":48}},"34":{"start":{"line":95,"column":12},"end":{"line":95,"column":52}},"35":{"start":{"line":100,"column":20},"end":{"line":100,"column":37}}},"fnMap":{"0":{"name":"(anonymous_0)","decl":{"start":{"line":37,"column":4},"end":{"line":37,"column":5}},"loc":{"start":{"line":37,"column":36},"end":{"line":39,"column":5}},"line":37},"1":{"name":"(anonymous_1)","decl":{"start":{"line":38,"column":34},"end":{"line":38,"column":35}},"loc":{"start":{"line":38,"column":39},"end":{"line":38,"column":70}},"line":38},"2":{"name":"(anonymous_2)","decl":{"start":{"line":41,"column":4},"end":{"line":41,"column":5}},"loc":{"start":{"line":41,"column":43},"end":{"line":45,"column":5}},"line":41},"3":{"name":"(anonymous_3)","decl":{"start":{"line":43,"column":20},"end":{"line":43,"column":21}},"loc":{"start":{"line":43,"column":25},"end":{"line":43,"column":63}},"line":43},"4":{"name":"(anonymous_4)","decl":{"start":{"line":44,"column":18},"end":{"line":44,"column":19}},"loc":{"start":{"line":44,"column":28},"end":{"line":44,"column":83}},"line":44},"5":{"name":"(anonymous_5)","decl":{"start":{"line":47,"column":4},"end":{"line":47,"column":5}},"loc":{"start":{"line":47,"column":31},"end":{"line":49,"column":5}},"line":47},"6":{"name":"(anonymous_6)","decl":{"start":{"line":48,"column":50},"end":{"line":48,"column":51}},"loc":{"start":{"line":48,"column":64},"end":{"line":48,"column":83}},"line":48},"7":{"name":"(anonymous_7)","decl":{"start":{"line":51,"column":4},"end":{"line":51,"column":5}},"loc":{"start":{"line":51,"column":30},"end":{"line":61,"column":5}},"line":51},"8":{"name":"(anonymous_8)","decl":{"start":{"line":52,"column":59},"end":{"line":52,"column":60}},"loc":{"start":{"line":52,"column":64},"end":{"line":52,"column":84}},"line":52},"9":{"name":"(anonymous_9)","decl":{"start":{"line":53,"column":59},"end":{"line":53,"column":60}},"loc":{"start":{"line":53,"column":64},"end":{"line":53,"column":88}},"line":53},"10":{"name":"(anonymous_10)","decl":{"start":{"line":56,"column":43},"end":{"line":56,"column":44}},"loc":{"start":{"line":56,"column":55},"end":{"line":56,"column":69}},"line":56},"11":{"name":"(anonymous_11)","decl":{"start":{"line":57,"column":43},"end":{"line":57,"column":44}},"loc":{"start":{"line":57,"column":55},"end":{"line":57,"column":69}},"line":57},"12":{"name":"(anonymous_12)","decl":{"start":{"line":58,"column":61},"end":{"line":58,"column":62}},"loc":{"start":{"line":58,"column":73},"end":{"line":58,"column":94}},"line":58},"13":{"name":"(anonymous_13)","decl":{"start":{"line":59,"column":61},"end":{"line":59,"column":62}},"loc":{"start":{"line":59,"column":73},"end":{"line":59,"column":94}},"line":59},"14":{"name":"(anonymous_14)","decl":{"start":{"line":63,"column":25},"end":{"line":63,"column":26}},"loc":{"start":{"line":63,"column":59},"end":{"line":72,"column":5}},"line":63},"15":{"name":"(anonymous_15)","decl":{"start":{"line":74,"column":28},"end":{"line":74,"column":29}},"loc":{"start":{"line":74,"column":44},"end":{"line":76,"column":5}},"line":74},"16":{"name":"(anonymous_16)","decl":{"start":{"line":78,"column":21},"end":{"line":78,"column":22}},"loc":{"start":{"line":78,"column":65},"end":{"line":89,"column":5}},"line":78},"17":{"name":"(anonymous_17)","decl":{"start":{"line":91,"column":33},"end":{"line":91,"column":34}},"loc":{"start":{"line":91,"column":83},"end":{"line":97,"column":5}},"line":91},"18":{"name":"(anonymous_18)","decl":{"start":{"line":92,"column":43},"end":{"line":92,"column":44}},"loc":{"start":{"line":92,"column":48},"end":{"line":92,"column":59}},"line":92}},"branchMap":{"0":{"loc":{"start":{"line":38,"column":15},"end":{"line":38,"column":79}},"type":"binary-expr","locations":[{"start":{"line":38,"column":15},"end":{"line":38,"column":71}},{"start":{"line":38,"column":75},"end":{"line":38,"column":79}}],"line":38},"1":{"loc":{"start":{"line":58,"column":25},"end":{"line":58,"column":119}},"type":"cond-expr","locations":[{"start":{"line":58,"column":46},"end":{"line":58,"column":115}},{"start":{"line":58,"column":118},"end":{"line":58,"column":119}}],"line":58},"2":{"loc":{"start":{"line":59,"column":25},"end":{"line":59,"column":119}},"type":"cond-expr","locations":[{"start":{"line":59,"column":46},"end":{"line":59,"column":115}},{"start":{"line":59,"column":118},"end":{"line":59,"column":119}}],"line":59},"3":{"loc":{"start":{"line":69,"column":8},"end":{"line":71,"column":9}},"type":"if","locations":[{"start":{"line":69,"column":8},"end":{"line":71,"column":9}},{"start":{},"end":{}}],"line":69},"4":{"loc":{"start":{"line":93,"column":8},"end":{"line":96,"column":9}},"type":"if","locations":[{"start":{"line":93,"column":8},"end":{"line":96,"column":9}},{"start":{},"end":{}}],"line":93}},"s":{"0":1,"1":1,"2":1,"3":1,"4":2,"5":2,"6":6,"7":2,"8":1,"9":2,"10":1,"11":2,"12":1,"13":2,"14":1,"15":1,"16":1,"17":1,"18":1,"19":1,"20":6,"21":6,"22":6,"23":5,"24":1,"25":1,"26":1,"27":4,"28":4,"29":1,"30":1,"31":1,"32":1,"33":1,"34":1,"35":1},"f":{"0":1,"1":2,"2":2,"3":6,"4":2,"5":1,"6":2,"7":1,"8":2,"9":2,"10":1,"11":1,"12":1,"13":1,"14":6,"15":1,"16":4,"17":1,"18":1},"b":{"0":[1,0],"1":[1,0],"2":[1,0],"3":[5,1],"4":[1,0]},"_coverageSchema":"1a1c01bbd47fc00a2c39e90264f33305004495a9","hash":"cf336ff0dbc134fdf7e202143baa4efa0ee9439a"}
,"/app/src/stores/home.store.tsx": {"path":"/app/src/stores/home.store.tsx","statementMap":{"0":{"start":{"line":5,"column":23},"end":{"line":5,"column":25}},"1":{"start":{"line":6,"column":25},"end":{"line":6,"column":27}},"2":{"start":{"line":7,"column":34},"end":{"line":7,"column":36}},"3":{"start":{"line":8,"column":36},"end":{"line":8,"column":38}},"4":{"start":{"line":9,"column":26},"end":{"line":9,"column":28}},"5":{"start":{"line":10,"column":39},"end":{"line":10,"column":41}},"6":{"start":{"line":12,"column":22},"end":{"line":50,"column":3}},"7":{"start":{"line":13,"column":24},"end":{"line":13,"column":65}},"8":{"start":{"line":14,"column":26},"end":{"line":14,"column":69}},"9":{"start":{"line":15,"column":23},"end":{"line":15,"column":75}},"10":{"start":{"line":16,"column":25},"end":{"line":16,"column":79}},"11":{"start":{"line":18,"column":4},"end":{"line":49,"column":5}},"12":{"start":{"line":19,"column":28},"end":{"line":19,"column":33}},"13":{"start":{"line":20,"column":20},"end":{"line":20,"column":25}},"14":{"start":{"line":22,"column":6},"end":{"line":34,"column":7}},"15":{"start":{"line":24,"column":28},"end":{"line":24,"column":52}},"16":{"start":{"line":25,"column":24},"end":{"line":25,"column":52}},"17":{"start":{"line":27,"column":8},"end":{"line":28,"column":57}},"18":{"start":{"line":27,"column":35},"end":{"line":27,"column":58}},"19":{"start":{"line":28,"column":13},"end":{"line":28,"column":57}},"20":{"start":{"line":28,"column":42},"end":{"line":28,"column":57}},"21":{"start":{"line":31,"column":22},"end":{"line":31,"column":49}},"22":{"start":{"line":32,"column":8},"end":{"line":33,"column":48}},"23":{"start":{"line":32,"column":26},"end":{"line":32,"column":49}},"24":{"start":{"line":33,"column":13},"end":{"line":33,"column":48}},"25":{"start":{"line":33,"column":33},"end":{"line":33,"column":48}},"26":{"start":{"line":36,"column":6},"end":{"line":45,"column":7}},"27":{"start":{"line":37,"column":8},"end":{"line":37,"column":37}},"28":{"start":{"line":38,"column":8},"end":{"line":38,"column":38}},"29":{"start":{"line":39,"column":13},"end":{"line":45,"column":7}},"30":{"start":{"line":40,"column":8},"end":{"line":40,"column":47}},"31":{"start":{"line":41,"column":8},"end":{"line":41,"column":40}},"32":{"start":{"line":43,"column":8},"end":{"line":43,"column":49}},"33":{"start":{"line":44,"column":8},"end":{"line":44,"column":36}},"34":{"start":{"line":47,"column":8},"end":{"line":47,"column":28}},"35":{"start":{"line":48,"column":8},"end":{"line":48,"column":33}},"36":{"start":{"line":52,"column":23},"end":{"line":61,"column":3}},"37":{"start":{"line":53,"column":4},"end":{"line":59,"column":5}},"38":{"start":{"line":54,"column":8},"end":{"line":54,"column":34}},"39":{"start":{"line":55,"column":11},"end":{"line":59,"column":5}},"40":{"start":{"line":56,"column":8},"end":{"line":58,"column":11}},"41":{"start":{"line":57,"column":12},"end":{"line":57,"column":41}},"42":{"start":{"line":60,"column":4},"end":{"line":60,"column":21}},"43":{"start":{"line":64,"column":18},"end":{"line":64,"column":33}}},"fnMap":{"0":{"name":"(anonymous_0)","decl":{"start":{"line":12,"column":22},"end":{"line":12,"column":23}},"loc":{"start":{"line":12,"column":28},"end":{"line":50,"column":3}},"line":12},"1":{"name":"(anonymous_1)","decl":{"start":{"line":52,"column":23},"end":{"line":52,"column":24}},"loc":{"start":{"line":52,"column":83},"end":{"line":61,"column":3}},"line":52},"2":{"name":"(anonymous_2)","decl":{"start":{"line":56,"column":41},"end":{"line":56,"column":42}},"loc":{"start":{"line":56,"column":48},"end":{"line":58,"column":9}},"line":56}},"branchMap":{"0":{"loc":{"start":{"line":18,"column":4},"end":{"line":49,"column":5}},"type":"if","locations":[{"start":{"line":18,"column":4},"end":{"line":49,"column":5}},{"start":{"line":46,"column":11},"end":{"line":49,"column":5}}],"line":18},"1":{"loc":{"start":{"line":18,"column":8},"end":{"line":18,"column":73}},"type":"binary-expr","locations":[{"start":{"line":18,"column":8},"end":{"line":18,"column":27}},{"start":{"line":18,"column":31},"end":{"line":18,"column":52}},{"start":{"line":18,"column":56},"end":{"line":18,"column":73}}],"line":18},"2":{"loc":{"start":{"line":22,"column":6},"end":{"line":34,"column":7}},"type":"if","locations":[{"start":{"line":22,"column":6},"end":{"line":34,"column":7}},{"start":{"line":29,"column":13},"end":{"line":34,"column":7}}],"line":22},"3":{"loc":{"start":{"line":22,"column":10},"end":{"line":22,"column":90}},"type":"binary-expr","locations":[{"start":{"line":22,"column":10},"end":{"line":22,"column":28}},{"start":{"line":22,"column":32},"end":{"line":22,"column":52}},{"start":{"line":22,"column":56},"end":{"line":22,"column":70}},{"start":{"line":22,"column":74},"end":{"line":22,"column":90}}],"line":22},"4":{"loc":{"start":{"line":27,"column":8},"end":{"line":28,"column":57}},"type":"if","locations":[{"start":{"line":27,"column":8},"end":{"line":28,"column":57}},{"start":{"line":28,"column":13},"end":{"line":28,"column":57}}],"line":27},"5":{"loc":{"start":{"line":28,"column":13},"end":{"line":28,"column":57}},"type":"if","locations":[{"start":{"line":28,"column":13},"end":{"line":28,"column":57}},{"start":{},"end":{}}],"line":28},"6":{"loc":{"start":{"line":32,"column":8},"end":{"line":33,"column":48}},"type":"if","locations":[{"start":{"line":32,"column":8},"end":{"line":33,"column":48}},{"start":{"line":33,"column":13},"end":{"line":33,"column":48}}],"line":32},"7":{"loc":{"start":{"line":33,"column":13},"end":{"line":33,"column":48}},"type":"if","locations":[{"start":{"line":33,"column":13},"end":{"line":33,"column":48}},{"start":{},"end":{}}],"line":33},"8":{"loc":{"start":{"line":36,"column":6},"end":{"line":45,"column":7}},"type":"if","locations":[{"start":{"line":36,"column":6},"end":{"line":45,"column":7}},{"start":{"line":39,"column":13},"end":{"line":45,"column":7}}],"line":36},"9":{"loc":{"start":{"line":39,"column":13},"end":{"line":45,"column":7}},"type":"if","locations":[{"start":{"line":39,"column":13},"end":{"line":45,"column":7}},{"start":{"line":42,"column":13},"end":{"line":45,"column":7}}],"line":39},"10":{"loc":{"start":{"line":53,"column":4},"end":{"line":59,"column":5}},"type":"if","locations":[{"start":{"line":53,"column":4},"end":{"line":59,"column":5}},{"start":{"line":55,"column":11},"end":{"line":59,"column":5}}],"line":53},"11":{"loc":{"start":{"line":55,"column":11},"end":{"line":59,"column":5}},"type":"if","locations":[{"start":{"line":55,"column":11},"end":{"line":59,"column":5}},{"start":{},"end":{}}],"line":55}},"s":{"0":1,"1":1,"2":1,"3":1,"4":1,"5":1,"6":2,"7":6,"8":6,"9":6,"10":6,"11":6,"12":5,"13":5,"14":5,"15":2,"16":2,"17":2,"18":1,"19":1,"20":0,"21":3,"22":3,"23":1,"24":2,"25":1,"26":5,"27":1,"28":1,"29":4,"30":2,"31":2,"32":2,"33":2,"34":1,"35":1,"36":2,"37":0,"38":0,"39":0,"40":0,"41":0,"42":0,"43":2},"f":{"0":6,"1":0,"2":0},"b":{"0":[5,1],"1":[6,5,5],"2":[2,3],"3":[5,2,2,2],"4":[1,1],"5":[0,1],"6":[1,2],"7":[1,1],"8":[1,4],"9":[2,2],"10":[0,0],"11":[0,0]},"_coverageSchema":"1a1c01bbd47fc00a2c39e90264f33305004495a9","hash":"e643bdb24d560c3e3862acbdab85995d2dfbd077"}
,"/app/src/stores/stations.store.ts": {"path":"/app/src/stores/stations.store.ts","statementMap":{"0":{"start":{"line":25,"column":38},"end":{"line":71,"column":5}},"1":{"start":{"line":73,"column":38},"end":{"line":73,"column":40}},"2":{"start":{"line":74,"column":30},"end":{"line":74,"column":35}},"3":{"start":{"line":75,"column":31},"end":{"line":75,"column":37}},"4":{"start":{"line":76,"column":25},"end":{"line":76,"column":28}},"5":{"start":{"line":77,"column":49},"end":{"line":77,"column":53}},"6":{"start":{"line":80,"column":8},"end":{"line":80,"column":36}},"7":{"start":{"line":81,"column":8},"end":{"line":81,"column":39}},"8":{"start":{"line":86,"column":8},"end":{"line":96,"column":17}},"9":{"start":{"line":87,"column":12},"end":{"line":95,"column":15}},"10":{"start":{"line":88,"column":16},"end":{"line":94,"column":19}},"11":{"start":{"line":89,"column":20},"end":{"line":93,"column":21}},"12":{"start":{"line":90,"column":39},"end":{"line":90,"column":67}},"13":{"start":{"line":91,"column":24},"end":{"line":91,"column":109}},"14":{"start":{"line":92,"column":24},"end":{"line":92,"column":123}},"15":{"start":{"line":101,"column":8},"end":{"line":106,"column":17}},"16":{"start":{"line":102,"column":12},"end":{"line":105,"column":15}},"17":{"start":{"line":104,"column":16},"end":{"line":104,"column":102}},"18":{"start":{"line":109,"column":29},"end":{"line":111,"column":5}},"19":{"start":{"line":110,"column":8},"end":{"line":110,"column":35}},"20":{"start":{"line":114,"column":8},"end":{"line":116,"column":9}},"21":{"start":{"line":115,"column":12},"end":{"line":115,"column":56}},"22":{"start":{"line":115,"column":45},"end":{"line":115,"column":54}},"23":{"start":{"line":117,"column":8},"end":{"line":117,"column":29}},"24":{"start":{"line":121,"column":8},"end":{"line":121,"column":52}},"25":{"start":{"line":121,"column":40},"end":{"line":121,"column":52}},"26":{"start":{"line":123,"column":27},"end":{"line":123,"column":84}},"27":{"start":{"line":124,"column":24},"end":{"line":124,"column":83}},"28":{"start":{"line":125,"column":30},"end":{"line":125,"column":100}},"29":{"start":{"line":127,"column":8},"end":{"line":145,"column":14}},"30":{"start":{"line":130,"column":12},"end":{"line":142,"column":13}},"31":{"start":{"line":131,"column":37},"end":{"line":131,"column":64}},"32":{"start":{"line":132,"column":33},"end":{"line":132,"column":53}},"33":{"start":{"line":133,"column":37},"end":{"line":133,"column":64}},"34":{"start":{"line":134,"column":33},"end":{"line":134,"column":53}},"35":{"start":{"line":135,"column":16},"end":{"line":135,"column":57}},"36":{"start":{"line":136,"column":16},"end":{"line":136,"column":57}},"37":{"start":{"line":138,"column":37},"end":{"line":138,"column":57}},"38":{"start":{"line":139,"column":37},"end":{"line":139,"column":57}},"39":{"start":{"line":140,"column":16},"end":{"line":140,"column":59}},"40":{"start":{"line":141,"column":16},"end":{"line":141,"column":59}},"41":{"start":{"line":144,"column":12},"end":{"line":144,"column":33}},"42":{"start":{"line":148,"column":32},"end":{"line":150,"column":5}},"43":{"start":{"line":149,"column":8},"end":{"line":149,"column":45}},"44":{"start":{"line":152,"column":29},"end":{"line":158,"column":5}},"45":{"start":{"line":153,"column":8},"end":{"line":157,"column":9}},"46":{"start":{"line":154,"column":12},"end":{"line":154,"column":74}},"47":{"start":{"line":154,"column":60},"end":{"line":154,"column":72}},"48":{"start":{"line":156,"column":12},"end":{"line":156,"column":36}},"49":{"start":{"line":160,"column":25},"end":{"line":162,"column":5}},"50":{"start":{"line":161,"column":8},"end":{"line":161,"column":43}},"51":{"start":{"line":164,"column":25},"end":{"line":175,"column":5}},"52":{"start":{"line":165,"column":24},"end":{"line":165,"column":67}},"53":{"start":{"line":165,"column":48},"end":{"line":165,"column":66}},"54":{"start":{"line":166,"column":8},"end":{"line":174,"column":9}},"55":{"start":{"line":167,"column":12},"end":{"line":172,"column":15}},"56":{"start":{"line":173,"column":12},"end":{"line":173,"column":30}},"57":{"start":{"line":177,"column":26},"end":{"line":193,"column":5}},"58":{"start":{"line":178,"column":24},"end":{"line":178,"column":67}},"59":{"start":{"line":178,"column":48},"end":{"line":178,"column":66}},"60":{"start":{"line":179,"column":8},"end":{"line":192,"column":9}},"61":{"start":{"line":180,"column":12},"end":{"line":180,"column":35}},"62":{"start":{"line":181,"column":12},"end":{"line":181,"column":43}},"63":{"start":{"line":184,"column":12},"end":{"line":184,"column":65}},"64":{"start":{"line":184,"column":39},"end":{"line":184,"column":65}},"65":{"start":{"line":185,"column":12},"end":{"line":189,"column":15}},"66":{"start":{"line":191,"column":12},"end":{"line":191,"column":31}},"67":{"start":{"line":195,"column":24},"end":{"line":197,"column":5}},"68":{"start":{"line":196,"column":8},"end":{"line":196,"column":30}},"69":{"start":{"line":200,"column":22},"end":{"line":200,"column":41}}},"fnMap":{"0":{"name":"(anonymous_0)","decl":{"start":{"line":79,"column":4},"end":{"line":79,"column":5}},"loc":{"start":{"line":79,"column":18},"end":{"line":82,"column":5}},"line":79},"1":{"name":"(anonymous_1)","decl":{"start":{"line":84,"column":4},"end":{"line":84,"column":5}},"loc":{"start":{"line":84,"column":27},"end":{"line":97,"column":5}},"line":84},"2":{"name":"(anonymous_2)","decl":{"start":{"line":86,"column":20},"end":{"line":86,"column":21}},"loc":{"start":{"line":86,"column":26},"end":{"line":96,"column":9}},"line":86},"3":{"name":"(anonymous_3)","decl":{"start":{"line":87,"column":24},"end":{"line":87,"column":25}},"loc":{"start":{"line":87,"column":30},"end":{"line":95,"column":13}},"line":87},"4":{"name":"(anonymous_4)","decl":{"start":{"line":88,"column":38},"end":{"line":88,"column":39}},"loc":{"start":{"line":88,"column":49},"end":{"line":94,"column":17}},"line":88},"5":{"name":"(anonymous_5)","decl":{"start":{"line":99,"column":4},"end":{"line":99,"column":5}},"loc":{"start":{"line":99,"column":30},"end":{"line":107,"column":5}},"line":99},"6":{"name":"(anonymous_6)","decl":{"start":{"line":101,"column":19},"end":{"line":101,"column":20}},"loc":{"start":{"line":101,"column":25},"end":{"line":106,"column":9}},"line":101},"7":{"name":"(anonymous_7)","decl":{"start":{"line":102,"column":24},"end":{"line":102,"column":25}},"loc":{"start":{"line":102,"column":30},"end":{"line":105,"column":13}},"line":102},"8":{"name":"(anonymous_8)","decl":{"start":{"line":109,"column":29},"end":{"line":109,"column":30}},"loc":{"start":{"line":109,"column":35},"end":{"line":111,"column":5}},"line":109},"9":{"name":"(anonymous_9)","decl":{"start":{"line":113,"column":4},"end":{"line":113,"column":5}},"loc":{"start":{"line":113,"column":37},"end":{"line":118,"column":5}},"line":113},"10":{"name":"(anonymous_10)","decl":{"start":{"line":115,"column":40},"end":{"line":115,"column":41}},"loc":{"start":{"line":115,"column":45},"end":{"line":115,"column":54}},"line":115},"11":{"name":"(anonymous_11)","decl":{"start":{"line":120,"column":4},"end":{"line":120,"column":5}},"loc":{"start":{"line":120,"column":32},"end":{"line":146,"column":5}},"line":120},"12":{"name":"(anonymous_12)","decl":{"start":{"line":127,"column":42},"end":{"line":127,"column":43}},"loc":{"start":{"line":127,"column":52},"end":{"line":145,"column":9}},"line":127},"13":{"name":"(anonymous_13)","decl":{"start":{"line":148,"column":32},"end":{"line":148,"column":33}},"loc":{"start":{"line":148,"column":38},"end":{"line":150,"column":5}},"line":148},"14":{"name":"(anonymous_14)","decl":{"start":{"line":152,"column":29},"end":{"line":152,"column":30}},"loc":{"start":{"line":152,"column":45},"end":{"line":158,"column":5}},"line":152},"15":{"name":"(anonymous_15)","decl":{"start":{"line":154,"column":51},"end":{"line":154,"column":52}},"loc":{"start":{"line":154,"column":60},"end":{"line":154,"column":72}},"line":154},"16":{"name":"(anonymous_16)","decl":{"start":{"line":160,"column":25},"end":{"line":160,"column":26}},"loc":{"start":{"line":160,"column":41},"end":{"line":162,"column":5}},"line":160},"17":{"name":"(anonymous_17)","decl":{"start":{"line":164,"column":25},"end":{"line":164,"column":26}},"loc":{"start":{"line":164,"column":62},"end":{"line":175,"column":5}},"line":164},"18":{"name":"(anonymous_18)","decl":{"start":{"line":165,"column":43},"end":{"line":165,"column":44}},"loc":{"start":{"line":165,"column":48},"end":{"line":165,"column":66}},"line":165},"19":{"name":"(anonymous_19)","decl":{"start":{"line":177,"column":26},"end":{"line":177,"column":27}},"loc":{"start":{"line":177,"column":79},"end":{"line":193,"column":5}},"line":177},"20":{"name":"(anonymous_20)","decl":{"start":{"line":178,"column":43},"end":{"line":178,"column":44}},"loc":{"start":{"line":178,"column":48},"end":{"line":178,"column":66}},"line":178},"21":{"name":"(anonymous_21)","decl":{"start":{"line":195,"column":24},"end":{"line":195,"column":25}},"loc":{"start":{"line":195,"column":44},"end":{"line":197,"column":5}},"line":195}},"branchMap":{"0":{"loc":{"start":{"line":89,"column":20},"end":{"line":93,"column":21}},"type":"if","locations":[{"start":{"line":89,"column":20},"end":{"line":93,"column":21}},{"start":{},"end":{}}],"line":89},"1":{"loc":{"start":{"line":114,"column":8},"end":{"line":116,"column":9}},"type":"if","locations":[{"start":{"line":114,"column":8},"end":{"line":116,"column":9}},{"start":{},"end":{}}],"line":114},"2":{"loc":{"start":{"line":121,"column":8},"end":{"line":121,"column":52}},"type":"if","locations":[{"start":{"line":121,"column":8},"end":{"line":121,"column":52}},{"start":{},"end":{}}],"line":121},"3":{"loc":{"start":{"line":125,"column":30},"end":{"line":125,"column":100}},"type":"binary-expr","locations":[{"start":{"line":125,"column":30},"end":{"line":125,"column":48}},{"start":{"line":125,"column":52},"end":{"line":125,"column":67}},{"start":{"line":125,"column":71},"end":{"line":125,"column":85}},{"start":{"line":125,"column":89},"end":{"line":125,"column":100}}],"line":125},"4":{"loc":{"start":{"line":130,"column":12},"end":{"line":142,"column":13}},"type":"if","locations":[{"start":{"line":130,"column":12},"end":{"line":142,"column":13}},{"start":{"line":137,"column":19},"end":{"line":142,"column":13}}],"line":130},"5":{"loc":{"start":{"line":153,"column":8},"end":{"line":157,"column":9}},"type":"if","locations":[{"start":{"line":153,"column":8},"end":{"line":157,"column":9}},{"start":{"line":155,"column":15},"end":{"line":157,"column":9}}],"line":153},"6":{"loc":{"start":{"line":166,"column":8},"end":{"line":174,"column":9}},"type":"if","locations":[{"start":{"line":166,"column":8},"end":{"line":174,"column":9}},{"start":{},"end":{}}],"line":166},"7":{"loc":{"start":{"line":179,"column":8},"end":{"line":192,"column":9}},"type":"if","locations":[{"start":{"line":179,"column":8},"end":{"line":192,"column":9}},{"start":{},"end":{}}],"line":179},"8":{"loc":{"start":{"line":184,"column":12},"end":{"line":184,"column":65}},"type":"if","locations":[{"start":{"line":184,"column":12},"end":{"line":184,"column":65}},{"start":{},"end":{}}],"line":184}},"s":{"0":1,"1":1,"2":1,"3":1,"4":1,"5":1,"6":1,"7":1,"8":1,"9":0,"10":0,"11":0,"12":0,"13":0,"14":0,"15":1,"16":0,"17":0,"18":1,"19":0,"20":3,"21":2,"22":4,"23":1,"24":0,"25":0,"26":0,"27":0,"28":0,"29":0,"30":0,"31":0,"32":0,"33":0,"34":0,"35":0,"36":0,"37":0,"38":0,"39":0,"40":0,"41":0,"42":1,"43":1,"44":1,"45":2,"46":1,"47":1,"48":1,"49":1,"50":3,"51":1,"52":1,"53":1,"54":1,"55":1,"56":1,"57":1,"58":1,"59":1,"60":1,"61":1,"62":1,"63":1,"64":1,"65":1,"66":1,"67":1,"68":2,"69":1},"f":{"0":1,"1":1,"2":0,"3":0,"4":0,"5":1,"6":0,"7":0,"8":0,"9":3,"10":4,"11":0,"12":0,"13":1,"14":2,"15":1,"16":3,"17":1,"18":1,"19":1,"20":1,"21":2},"b":{"0":[0,0],"1":[2,1],"2":[0,0],"3":[0,0,0,0],"4":[0,0],"5":[1,1],"6":[1,0],"7":[1,0],"8":[1,0]},"_coverageSchema":"1a1c01bbd47fc00a2c39e90264f33305004495a9","hash":"5d92876ce1ba1b3b69dd91e6944c94264bc6e7ef"}
}
