{"/app/src/services/api.service.ts": {"path":"/app/src/services/api.service.ts","statementMap":{"0":{"start":{"line":12,"column":31},"end":{"line":43,"column":1}},"1":{"start":{"line":15,"column":2},"end":{"line":42,"column":5}},"2":{"start":{"line":16,"column":4},"end":{"line":41,"column":13}},"3":{"start":{"line":17,"column":43},"end":{"line":39,"column":8}},"4":{"start":{"line":19,"column":27},"end":{"line":19,"column":46}},"5":{"start":{"line":20,"column":21},"end":{"line":20,"column":22}},"6":{"start":{"line":21,"column":46},"end":{"line":21,"column":54}},"7":{"start":{"line":23,"column":8},"end":{"line":30,"column":9}},"8":{"start":{"line":24,"column":10},"end":{"line":24,"column":48}},"9":{"start":{"line":25,"column":10},"end":{"line":29,"column":11}},"10":{"start":{"line":26,"column":12},"end":{"line":26,"column":25}},"11":{"start":{"line":27,"column":17},"end":{"line":29,"column":11}},"12":{"start":{"line":28,"column":12},"end":{"line":28,"column":27}},"13":{"start":{"line":32,"column":8},"end":{"line":38,"column":10}},"14":{"start":{"line":40,"column":6},"end":{"line":40,"column":23}}},"fnMap":{"0":{"name":"(anonymous_0)","decl":{"start":{"line":12,"column":31},"end":{"line":12,"column":32}},"loc":{"start":{"line":14,"column":35},"end":{"line":43,"column":1}},"line":14},"1":{"name":"(anonymous_1)","decl":{"start":{"line":15,"column":21},"end":{"line":15,"column":22}},"loc":{"start":{"line":15,"column":32},"end":{"line":42,"column":3}},"line":15},"2":{"name":"(anonymous_2)","decl":{"start":{"line":16,"column":15},"end":{"line":16,"column":16}},"loc":{"start":{"line":16,"column":21},"end":{"line":41,"column":5}},"line":16},"3":{"name":"(anonymous_3)","decl":{"start":{"line":17,"column":58},"end":{"line":17,"column":59}},"loc":{"start":{"line":17,"column":64},"end":{"line":39,"column":7}},"line":17}},"branchMap":{"0":{"loc":{"start":{"line":23,"column":8},"end":{"line":30,"column":9}},"type":"if","locations":[{"start":{"line":23,"column":8},"end":{"line":30,"column":9}},{"start":{},"end":{}}],"line":23},"1":{"loc":{"start":{"line":25,"column":10},"end":{"line":29,"column":11}},"type":"if","locations":[{"start":{"line":25,"column":10},"end":{"line":29,"column":11}},{"start":{"line":27,"column":17},"end":{"line":29,"column":11}}],"line":25},"2":{"loc":{"start":{"line":27,"column":17},"end":{"line":29,"column":11}},"type":"if","locations":[{"start":{"line":27,"column":17},"end":{"line":29,"column":11}},{"start":{},"end":{}}],"line":27}},"s":{"0":2,"1":0,"2":0,"3":0,"4":0,"5":0,"6":0,"7":0,"8":0,"9":0,"10":0,"11":0,"12":0,"13":0,"14":0},"f":{"0":0,"1":0,"2":0,"3":0},"b":{"0":[0,0],"1":[0,0],"2":[0,0]},"_coverageSchema":"1a1c01bbd47fc00a2c39e90264f33305004495a9","hash":"ee5ea481f88102c60c2dad03a27857c041d30e38"}
,"/app/src/stores/garage.store.ts": {"path":"/app/src/stores/garage.store.ts","statementMap":{"0":{"start":{"line":24,"column":36},"end":{"line":32,"column":3}},"1":{"start":{"line":34,"column":32},"end":{"line":34,"column":34}},"2":{"start":{"line":35,"column":49},"end":{"line":35,"column":52}},"3":{"start":{"line":38,"column":4},"end":{"line":38,"column":76}},"4":{"start":{"line":38,"column":35},"end":{"line":38,"column":66}},"5":{"start":{"line":42,"column":4},"end":{"line":44,"column":79}},"6":{"start":{"line":43,"column":19},"end":{"line":43,"column":57}},"7":{"start":{"line":44,"column":22},"end":{"line":44,"column":77}},"8":{"start":{"line":48,"column":4},"end":{"line":51,"column":6}},"9":{"start":{"line":49,"column":20},"end":{"line":49,"column":39}},"10":{"start":{"line":55,"column":20},"end":{"line":57,"column":5}},"11":{"start":{"line":56,"column":11},"end":{"line":56,"column":31}},"12":{"start":{"line":58,"column":20},"end":{"line":60,"column":5}},"13":{"start":{"line":59,"column":11},"end":{"line":59,"column":35}},"14":{"start":{"line":62,"column":4},"end":{"line":75,"column":6}},"15":{"start":{"line":63,"column":49},"end":{"line":63,"column":63}},"16":{"start":{"line":64,"column":49},"end":{"line":64,"column":63}},"17":{"start":{"line":67,"column":39},"end":{"line":67,"column":60}},"18":{"start":{"line":72,"column":39},"end":{"line":72,"column":60}},"19":{"start":{"line":78,"column":23},"end":{"line":87,"column":3}},"20":{"start":{"line":79,"column":23},"end":{"line":82,"column":5}},"21":{"start":{"line":83,"column":4},"end":{"line":83,"column":35}},"22":{"start":{"line":84,"column":4},"end":{"line":86,"column":5}},"23":{"start":{"line":85,"column":6},"end":{"line":85,"column":45}},"24":{"start":{"line":89,"column":26},"end":{"line":91,"column":3}},"25":{"start":{"line":90,"column":4},"end":{"line":90,"column":32}},"26":{"start":{"line":93,"column":19},"end":{"line":104,"column":3}},"27":{"start":{"line":94,"column":19},"end":{"line":98,"column":5}},"28":{"start":{"line":99,"column":4},"end":{"line":99,"column":27}},"29":{"start":{"line":106,"column":31},"end":{"line":116,"column":3}},"30":{"start":{"line":111,"column":20},"end":{"line":111,"column":56}},"31":{"start":{"line":111,"column":44},"end":{"line":111,"column":55}},"32":{"start":{"line":112,"column":4},"end":{"line":115,"column":5}},"33":{"start":{"line":113,"column":6},"end":{"line":113,"column":42}},"34":{"start":{"line":114,"column":6},"end":{"line":114,"column":46}},"35":{"start":{"line":119,"column":20},"end":{"line":119,"column":37}}},"fnMap":{"0":{"name":"(anonymous_0)","decl":{"start":{"line":37,"column":2},"end":{"line":37,"column":3}},"loc":{"start":{"line":37,"column":34},"end":{"line":39,"column":3}},"line":37},"1":{"name":"(anonymous_1)","decl":{"start":{"line":38,"column":30},"end":{"line":38,"column":31}},"loc":{"start":{"line":38,"column":35},"end":{"line":38,"column":66}},"line":38},"2":{"name":"(anonymous_2)","decl":{"start":{"line":41,"column":2},"end":{"line":41,"column":3}},"loc":{"start":{"line":41,"column":41},"end":{"line":45,"column":3}},"line":41},"3":{"name":"(anonymous_3)","decl":{"start":{"line":43,"column":14},"end":{"line":43,"column":15}},"loc":{"start":{"line":43,"column":19},"end":{"line":43,"column":57}},"line":43},"4":{"name":"(anonymous_4)","decl":{"start":{"line":44,"column":12},"end":{"line":44,"column":13}},"loc":{"start":{"line":44,"column":22},"end":{"line":44,"column":77}},"line":44},"5":{"name":"(anonymous_5)","decl":{"start":{"line":47,"column":2},"end":{"line":47,"column":3}},"loc":{"start":{"line":47,"column":29},"end":{"line":52,"column":3}},"line":47},"6":{"name":"(anonymous_6)","decl":{"start":{"line":49,"column":6},"end":{"line":49,"column":7}},"loc":{"start":{"line":49,"column":20},"end":{"line":49,"column":39}},"line":49},"7":{"name":"(anonymous_7)","decl":{"start":{"line":54,"column":2},"end":{"line":54,"column":3}},"loc":{"start":{"line":54,"column":28},"end":{"line":76,"column":3}},"line":54},"8":{"name":"(anonymous_8)","decl":{"start":{"line":56,"column":6},"end":{"line":56,"column":7}},"loc":{"start":{"line":56,"column":11},"end":{"line":56,"column":31}},"line":56},"9":{"name":"(anonymous_9)","decl":{"start":{"line":59,"column":6},"end":{"line":59,"column":7}},"loc":{"start":{"line":59,"column":11},"end":{"line":59,"column":35}},"line":59},"10":{"name":"(anonymous_10)","decl":{"start":{"line":63,"column":37},"end":{"line":63,"column":38}},"loc":{"start":{"line":63,"column":49},"end":{"line":63,"column":63}},"line":63},"11":{"name":"(anonymous_11)","decl":{"start":{"line":64,"column":37},"end":{"line":64,"column":38}},"loc":{"start":{"line":64,"column":49},"end":{"line":64,"column":63}},"line":64},"12":{"name":"(anonymous_12)","decl":{"start":{"line":67,"column":27},"end":{"line":67,"column":28}},"loc":{"start":{"line":67,"column":39},"end":{"line":67,"column":60}},"line":67},"13":{"name":"(anonymous_13)","decl":{"start":{"line":72,"column":27},"end":{"line":72,"column":28}},"loc":{"start":{"line":72,"column":39},"end":{"line":72,"column":60}},"line":72},"14":{"name":"(anonymous_14)","decl":{"start":{"line":78,"column":23},"end":{"line":78,"column":24}},"loc":{"start":{"line":78,"column":57},"end":{"line":87,"column":3}},"line":78},"15":{"name":"(anonymous_15)","decl":{"start":{"line":89,"column":26},"end":{"line":89,"column":27}},"loc":{"start":{"line":89,"column":42},"end":{"line":91,"column":3}},"line":89},"16":{"name":"(anonymous_16)","decl":{"start":{"line":93,"column":19},"end":{"line":93,"column":20}},"loc":{"start":{"line":93,"column":63},"end":{"line":104,"column":3}},"line":93},"17":{"name":"(anonymous_17)","decl":{"start":{"line":106,"column":31},"end":{"line":106,"column":32}},"loc":{"start":{"line":110,"column":7},"end":{"line":116,"column":3}},"line":110},"18":{"name":"(anonymous_18)","decl":{"start":{"line":111,"column":39},"end":{"line":111,"column":40}},"loc":{"start":{"line":111,"column":44},"end":{"line":111,"column":55}},"line":111}},"branchMap":{"0":{"loc":{"start":{"line":38,"column":11},"end":{"line":38,"column":75}},"type":"binary-expr","locations":[{"start":{"line":38,"column":11},"end":{"line":38,"column":67}},{"start":{"line":38,"column":71},"end":{"line":38,"column":75}}],"line":38},"1":{"loc":{"start":{"line":66,"column":8},"end":{"line":69,"column":13}},"type":"cond-expr","locations":[{"start":{"line":67,"column":12},"end":{"line":68,"column":26}},{"start":{"line":69,"column":12},"end":{"line":69,"column":13}}],"line":66},"2":{"loc":{"start":{"line":71,"column":8},"end":{"line":74,"column":13}},"type":"cond-expr","locations":[{"start":{"line":72,"column":12},"end":{"line":73,"column":26}},{"start":{"line":74,"column":12},"end":{"line":74,"column":13}}],"line":71},"3":{"loc":{"start":{"line":84,"column":4},"end":{"line":86,"column":5}},"type":"if","locations":[{"start":{"line":84,"column":4},"end":{"line":86,"column":5}},{"start":{},"end":{}}],"line":84},"4":{"loc":{"start":{"line":112,"column":4},"end":{"line":115,"column":5}},"type":"if","locations":[{"start":{"line":112,"column":4},"end":{"line":115,"column":5}},{"start":{},"end":{}}],"line":112}},"s":{"0":3,"1":3,"2":3,"3":22,"4":24,"5":3,"6":9,"7":3,"8":1,"9":2,"10":1,"11":2,"12":1,"13":2,"14":1,"15":1,"16":1,"17":1,"18":1,"19":3,"20":6,"21":6,"22":6,"23":5,"24":3,"25":1,"26":3,"27":4,"28":4,"29":3,"30":1,"31":1,"32":1,"33":1,"34":1,"35":3},"f":{"0":22,"1":24,"2":3,"3":9,"4":3,"5":1,"6":2,"7":1,"8":2,"9":2,"10":1,"11":1,"12":1,"13":1,"14":6,"15":1,"16":4,"17":1,"18":1},"b":{"0":[22,0],"1":[1,0],"2":[1,0],"3":[5,1],"4":[1,0]},"_coverageSchema":"1a1c01bbd47fc00a2c39e90264f33305004495a9","hash":"398eb6c234911b09bef0b7984ce259742646b502"}
,"/app/src/stores/home.store.tsx": {"path":"/app/src/stores/home.store.tsx","statementMap":{"0":{"start":{"line":6,"column":23},"end":{"line":6,"column":25}},"1":{"start":{"line":7,"column":25},"end":{"line":7,"column":27}},"2":{"start":{"line":8,"column":34},"end":{"line":8,"column":36}},"3":{"start":{"line":9,"column":36},"end":{"line":9,"column":38}},"4":{"start":{"line":10,"column":26},"end":{"line":10,"column":28}},"5":{"start":{"line":11,"column":39},"end":{"line":11,"column":41}},"6":{"start":{"line":13,"column":22},"end":{"line":83,"column":3}},"7":{"start":{"line":14,"column":24},"end":{"line":14,"column":65}},"8":{"start":{"line":15,"column":26},"end":{"line":15,"column":69}},"9":{"start":{"line":16,"column":23},"end":{"line":16,"column":75}},"10":{"start":{"line":17,"column":25},"end":{"line":17,"column":79}},"11":{"start":{"line":19,"column":4},"end":{"line":24,"column":5}},"12":{"start":{"line":20,"column":6},"end":{"line":20,"column":63}},"13":{"start":{"line":21,"column":6},"end":{"line":21,"column":38}},"14":{"start":{"line":22,"column":6},"end":{"line":22,"column":43}},"15":{"start":{"line":23,"column":6},"end":{"line":23,"column":13}},"16":{"start":{"line":26,"column":4},"end":{"line":82,"column":5}},"17":{"start":{"line":27,"column":28},"end":{"line":27,"column":33}},"18":{"start":{"line":28,"column":20},"end":{"line":28,"column":25}},"19":{"start":{"line":32,"column":8},"end":{"line":34,"column":35}},"20":{"start":{"line":36,"column":28},"end":{"line":36,"column":38}},"21":{"start":{"line":37,"column":30},"end":{"line":37,"column":42}},"22":{"start":{"line":39,"column":6},"end":{"line":42,"column":7}},"23":{"start":{"line":40,"column":8},"end":{"line":40,"column":76}},"24":{"start":{"line":41,"column":8},"end":{"line":41,"column":74}},"25":{"start":{"line":44,"column":6},"end":{"line":67,"column":7}},"26":{"start":{"line":51,"column":28},"end":{"line":51,"column":57}},"27":{"start":{"line":52,"column":24},"end":{"line":52,"column":57}},"28":{"start":{"line":54,"column":8},"end":{"line":58,"column":9}},"29":{"start":{"line":55,"column":10},"end":{"line":55,"column":33}},"30":{"start":{"line":56,"column":15},"end":{"line":58,"column":9}},"31":{"start":{"line":57,"column":10},"end":{"line":57,"column":25}},"32":{"start":{"line":61,"column":22},"end":{"line":61,"column":49}},"33":{"start":{"line":62,"column":8},"end":{"line":66,"column":9}},"34":{"start":{"line":63,"column":10},"end":{"line":63,"column":33}},"35":{"start":{"line":64,"column":15},"end":{"line":66,"column":9}},"36":{"start":{"line":65,"column":10},"end":{"line":65,"column":25}},"37":{"start":{"line":69,"column":6},"end":{"line":78,"column":7}},"38":{"start":{"line":70,"column":8},"end":{"line":70,"column":37}},"39":{"start":{"line":71,"column":8},"end":{"line":71,"column":38}},"40":{"start":{"line":72,"column":13},"end":{"line":78,"column":7}},"41":{"start":{"line":73,"column":8},"end":{"line":73,"column":47}},"42":{"start":{"line":74,"column":8},"end":{"line":74,"column":40}},"43":{"start":{"line":76,"column":8},"end":{"line":76,"column":49}},"44":{"start":{"line":77,"column":8},"end":{"line":77,"column":36}},"45":{"start":{"line":80,"column":6},"end":{"line":80,"column":26}},"46":{"start":{"line":81,"column":6},"end":{"line":81,"column":31}},"47":{"start":{"line":85,"column":23},"end":{"line":97,"column":3}},"48":{"start":{"line":89,"column":4},"end":{"line":95,"column":5}},"49":{"start":{"line":90,"column":6},"end":{"line":90,"column":32}},"50":{"start":{"line":91,"column":11},"end":{"line":95,"column":5}},"51":{"start":{"line":92,"column":6},"end":{"line":94,"column":9}},"52":{"start":{"line":93,"column":8},"end":{"line":93,"column":37}},"53":{"start":{"line":96,"column":4},"end":{"line":96,"column":21}},"54":{"start":{"line":99,"column":18},"end":{"line":99,"column":33}}},"fnMap":{"0":{"name":"(anonymous_0)","decl":{"start":{"line":13,"column":22},"end":{"line":13,"column":23}},"loc":{"start":{"line":13,"column":28},"end":{"line":83,"column":3}},"line":13},"1":{"name":"(anonymous_1)","decl":{"start":{"line":85,"column":23},"end":{"line":85,"column":24}},"loc":{"start":{"line":88,"column":7},"end":{"line":97,"column":3}},"line":88},"2":{"name":"(anonymous_2)","decl":{"start":{"line":92,"column":39},"end":{"line":92,"column":40}},"loc":{"start":{"line":92,"column":46},"end":{"line":94,"column":7}},"line":92}},"branchMap":{"0":{"loc":{"start":{"line":19,"column":4},"end":{"line":24,"column":5}},"type":"if","locations":[{"start":{"line":19,"column":4},"end":{"line":24,"column":5}},{"start":{},"end":{}}],"line":19},"1":{"loc":{"start":{"line":19,"column":8},"end":{"line":19,"column":48}},"type":"binary-expr","locations":[{"start":{"line":19,"column":8},"end":{"line":19,"column":25}},{"start":{"line":19,"column":29},"end":{"line":19,"column":48}}],"line":19},"2":{"loc":{"start":{"line":26,"column":4},"end":{"line":82,"column":5}},"type":"if","locations":[{"start":{"line":26,"column":4},"end":{"line":82,"column":5}},{"start":{"line":79,"column":11},"end":{"line":82,"column":5}}],"line":26},"3":{"loc":{"start":{"line":26,"column":8},"end":{"line":26,"column":73}},"type":"binary-expr","locations":[{"start":{"line":26,"column":8},"end":{"line":26,"column":27}},{"start":{"line":26,"column":31},"end":{"line":26,"column":52}},{"start":{"line":26,"column":56},"end":{"line":26,"column":73}}],"line":26},"4":{"loc":{"start":{"line":32,"column":8},"end":{"line":34,"column":35}},"type":"binary-expr","locations":[{"start":{"line":32,"column":8},"end":{"line":32,"column":37}},{"start":{"line":33,"column":8},"end":{"line":33,"column":39}},{"start":{"line":34,"column":8},"end":{"line":34,"column":35}}],"line":32},"5":{"loc":{"start":{"line":39,"column":6},"end":{"line":42,"column":7}},"type":"if","locations":[{"start":{"line":39,"column":6},"end":{"line":42,"column":7}},{"start":{},"end":{}}],"line":39},"6":{"loc":{"start":{"line":39,"column":10},"end":{"line":39,"column":50}},"type":"binary-expr","locations":[{"start":{"line":39,"column":10},"end":{"line":39,"column":19}},{"start":{"line":39,"column":23},"end":{"line":39,"column":50}}],"line":39},"7":{"loc":{"start":{"line":44,"column":6},"end":{"line":67,"column":7}},"type":"if","locations":[{"start":{"line":44,"column":6},"end":{"line":67,"column":7}},{"start":{"line":59,"column":13},"end":{"line":67,"column":7}}],"line":44},"8":{"loc":{"start":{"line":45,"column":8},"end":{"line":48,"column":29}},"type":"binary-expr","locations":[{"start":{"line":45,"column":8},"end":{"line":45,"column":31}},{"start":{"line":46,"column":8},"end":{"line":46,"column":33}},{"start":{"line":47,"column":8},"end":{"line":47,"column":27}},{"start":{"line":48,"column":8},"end":{"line":48,"column":29}}],"line":45},"9":{"loc":{"start":{"line":54,"column":8},"end":{"line":58,"column":9}},"type":"if","locations":[{"start":{"line":54,"column":8},"end":{"line":58,"column":9}},{"start":{"line":56,"column":15},"end":{"line":58,"column":9}}],"line":54},"10":{"loc":{"start":{"line":56,"column":15},"end":{"line":58,"column":9}},"type":"if","locations":[{"start":{"line":56,"column":15},"end":{"line":58,"column":9}},{"start":{},"end":{}}],"line":56},"11":{"loc":{"start":{"line":62,"column":8},"end":{"line":66,"column":9}},"type":"if","locations":[{"start":{"line":62,"column":8},"end":{"line":66,"column":9}},{"start":{"line":64,"column":15},"end":{"line":66,"column":9}}],"line":62},"12":{"loc":{"start":{"line":64,"column":15},"end":{"line":66,"column":9}},"type":"if","locations":[{"start":{"line":64,"column":15},"end":{"line":66,"column":9}},{"start":{},"end":{}}],"line":64},"13":{"loc":{"start":{"line":69,"column":6},"end":{"line":78,"column":7}},"type":"if","locations":[{"start":{"line":69,"column":6},"end":{"line":78,"column":7}},{"start":{"line":72,"column":13},"end":{"line":78,"column":7}}],"line":69},"14":{"loc":{"start":{"line":72,"column":13},"end":{"line":78,"column":7}},"type":"if","locations":[{"start":{"line":72,"column":13},"end":{"line":78,"column":7}},{"start":{"line":75,"column":13},"end":{"line":78,"column":7}}],"line":72},"15":{"loc":{"start":{"line":89,"column":4},"end":{"line":95,"column":5}},"type":"if","locations":[{"start":{"line":89,"column":4},"end":{"line":95,"column":5}},{"start":{"line":91,"column":11},"end":{"line":95,"column":5}}],"line":89},"16":{"loc":{"start":{"line":91,"column":11},"end":{"line":95,"column":5}},"type":"if","locations":[{"start":{"line":91,"column":11},"end":{"line":95,"column":5}},{"start":{},"end":{}}],"line":91}},"s":{"0":2,"1":2,"2":2,"3":2,"4":2,"5":2,"6":2,"7":6,"8":6,"9":6,"10":6,"11":6,"12":0,"13":0,"14":0,"15":0,"16":6,"17":5,"18":5,"19":5,"20":5,"21":5,"22":5,"23":3,"24":3,"25":5,"26":5,"27":5,"28":5,"29":2,"30":3,"31":1,"32":0,"33":0,"34":0,"35":0,"36":0,"37":5,"38":1,"39":1,"40":4,"41":2,"42":2,"43":2,"44":2,"45":1,"46":1,"47":2,"48":0,"49":0,"50":0,"51":0,"52":0,"53":0,"54":2},"f":{"0":6,"1":0,"2":0},"b":{"0":[0,6],"1":[6,0],"2":[5,1],"3":[6,5,5],"4":[5,3,3],"5":[3,2],"6":[5,3],"7":[5,0],"8":[5,5,5,5],"9":[2,3],"10":[1,2],"11":[0,0],"12":[0,0],"13":[1,4],"14":[2,2],"15":[0,0],"16":[0,0]},"_coverageSchema":"1a1c01bbd47fc00a2c39e90264f33305004495a9","hash":"20c8fa6dc614c8a21c4db1a4a0792f350004c1aa"}
,"/app/src/stores/stations.store.ts": {"path":"/app/src/stores/stations.store.ts","statementMap":{"0":{"start":{"line":68,"column":36},"end":{"line":129,"column":3}},"1":{"start":{"line":131,"column":45},"end":{"line":155,"column":3}},"2":{"start":{"line":157,"column":36},"end":{"line":157,"column":38}},"3":{"start":{"line":158,"column":28},"end":{"line":158,"column":33}},"4":{"start":{"line":159,"column":29},"end":{"line":159,"column":30}},"5":{"start":{"line":160,"column":30},"end":{"line":160,"column":31}},"6":{"start":{"line":161,"column":48},"end":{"line":161,"column":50}},"7":{"start":{"line":165,"column":4},"end":{"line":165,"column":47}},"8":{"start":{"line":167,"column":23},"end":{"line":167,"column":26}},"9":{"start":{"line":168,"column":47},"end":{"line":168,"column":51}},"10":{"start":{"line":169,"column":28},"end":{"line":169,"column":33}},"11":{"start":{"line":170,"column":29},"end":{"line":170,"column":31}},"12":{"start":{"line":171,"column":39},"end":{"line":171,"column":68}},"13":{"start":{"line":173,"column":32},"end":{"line":209,"column":3}},"14":{"start":{"line":210,"column":36},"end":{"line":210,"column":38}},"15":{"start":{"line":212,"column":31},"end":{"line":218,"column":3}},"16":{"start":{"line":221,"column":4},"end":{"line":221,"column":66}},"17":{"start":{"line":226,"column":4},"end":{"line":226,"column":32}},"18":{"start":{"line":227,"column":4},"end":{"line":227,"column":35}},"19":{"start":{"line":228,"column":4},"end":{"line":228,"column":30}},"20":{"start":{"line":232,"column":23},"end":{"line":236,"column":5}},"21":{"start":{"line":237,"column":22},"end":{"line":237,"column":79}},"22":{"start":{"line":238,"column":4},"end":{"line":238,"column":72}},"23":{"start":{"line":241,"column":32},"end":{"line":279,"column":3}},"24":{"start":{"line":242,"column":4},"end":{"line":244,"column":5}},"25":{"start":{"line":243,"column":6},"end":{"line":243,"column":13}},"26":{"start":{"line":246,"column":23},"end":{"line":246,"column":28}},"27":{"start":{"line":248,"column":4},"end":{"line":266,"column":5}},"28":{"start":{"line":252,"column":6},"end":{"line":252,"column":40}},"29":{"start":{"line":253,"column":6},"end":{"line":253,"column":26}},"30":{"start":{"line":254,"column":11},"end":{"line":266,"column":5}},"31":{"start":{"line":258,"column":6},"end":{"line":258,"column":40}},"32":{"start":{"line":259,"column":6},"end":{"line":259,"column":26}},"33":{"start":{"line":260,"column":11},"end":{"line":266,"column":5}},"34":{"start":{"line":264,"column":6},"end":{"line":264,"column":40}},"35":{"start":{"line":265,"column":6},"end":{"line":265,"column":26}},"36":{"start":{"line":268,"column":4},"end":{"line":278,"column":5}},"37":{"start":{"line":272,"column":6},"end":{"line":272,"column":43}},"38":{"start":{"line":273,"column":6},"end":{"line":273,"column":49}},"39":{"start":{"line":274,"column":6},"end":{"line":277,"column":8}},"40":{"start":{"line":283,"column":4},"end":{"line":329,"column":14}},"41":{"start":{"line":284,"column":6},"end":{"line":328,"column":7}},"42":{"start":{"line":285,"column":27},"end":{"line":285,"column":55}},"43":{"start":{"line":285,"column":50},"end":{"line":285,"column":54}},"44":{"start":{"line":286,"column":24},"end":{"line":286,"column":57}},"45":{"start":{"line":288,"column":8},"end":{"line":325,"column":11}},"46":{"start":{"line":289,"column":10},"end":{"line":324,"column":13}},"47":{"start":{"line":290,"column":28},"end":{"line":290,"column":78}},"48":{"start":{"line":290,"column":52},"end":{"line":290,"column":77}},"49":{"start":{"line":291,"column":12},"end":{"line":323,"column":13}},"50":{"start":{"line":295,"column":14},"end":{"line":295,"column":48}},"51":{"start":{"line":297,"column":31},"end":{"line":297,"column":47}},"52":{"start":{"line":298,"column":14},"end":{"line":301,"column":16}},"53":{"start":{"line":302,"column":14},"end":{"line":306,"column":16}},"54":{"start":{"line":308,"column":14},"end":{"line":312,"column":15}},"55":{"start":{"line":309,"column":16},"end":{"line":309,"column":39}},"56":{"start":{"line":310,"column":21},"end":{"line":312,"column":15}},"57":{"start":{"line":311,"column":16},"end":{"line":311,"column":40}},"58":{"start":{"line":315,"column":14},"end":{"line":322,"column":15}},"59":{"start":{"line":316,"column":16},"end":{"line":321,"column":18}},"60":{"start":{"line":327,"column":8},"end":{"line":327,"column":56}},"61":{"start":{"line":334,"column":20},"end":{"line":343,"column":5}},"62":{"start":{"line":335,"column":6},"end":{"line":342,"column":7}},"63":{"start":{"line":336,"column":8},"end":{"line":341,"column":11}},"64":{"start":{"line":338,"column":10},"end":{"line":340,"column":12}},"65":{"start":{"line":345,"column":4},"end":{"line":345,"column":30}},"66":{"start":{"line":346,"column":4},"end":{"line":346,"column":32}},"67":{"start":{"line":349,"column":27},"end":{"line":351,"column":3}},"68":{"start":{"line":350,"column":4},"end":{"line":350,"column":31}},"69":{"start":{"line":354,"column":4},"end":{"line":356,"column":5}},"70":{"start":{"line":355,"column":6},"end":{"line":355,"column":22}},"71":{"start":{"line":357,"column":4},"end":{"line":359,"column":5}},"72":{"start":{"line":358,"column":6},"end":{"line":358,"column":26}},"73":{"start":{"line":360,"column":4},"end":{"line":360,"column":20}},"74":{"start":{"line":364,"column":4},"end":{"line":366,"column":5}},"75":{"start":{"line":365,"column":6},"end":{"line":365,"column":17}},"76":{"start":{"line":367,"column":4},"end":{"line":369,"column":5}},"77":{"start":{"line":368,"column":6},"end":{"line":368,"column":17}},"78":{"start":{"line":370,"column":4},"end":{"line":370,"column":16}},"79":{"start":{"line":374,"column":4},"end":{"line":376,"column":5}},"80":{"start":{"line":375,"column":6},"end":{"line":375,"column":31}},"81":{"start":{"line":377,"column":4},"end":{"line":379,"column":5}},"82":{"start":{"line":378,"column":6},"end":{"line":378,"column":39}},"83":{"start":{"line":380,"column":4},"end":{"line":380,"column":50}},"84":{"start":{"line":384,"column":20},"end":{"line":384,"column":75}},"85":{"start":{"line":384,"column":46},"end":{"line":384,"column":67}},"86":{"start":{"line":385,"column":22},"end":{"line":385,"column":79}},"87":{"start":{"line":385,"column":48},"end":{"line":385,"column":71}},"88":{"start":{"line":386,"column":18},"end":{"line":386,"column":38}},"89":{"start":{"line":388,"column":4},"end":{"line":390,"column":5}},"90":{"start":{"line":389,"column":6},"end":{"line":389,"column":38}},"91":{"start":{"line":391,"column":4},"end":{"line":393,"column":5}},"92":{"start":{"line":392,"column":6},"end":{"line":392,"column":64}},"93":{"start":{"line":394,"column":4},"end":{"line":396,"column":5}},"94":{"start":{"line":395,"column":6},"end":{"line":395,"column":54}},"95":{"start":{"line":397,"column":4},"end":{"line":397,"column":35}},"96":{"start":{"line":401,"column":4},"end":{"line":403,"column":5}},"97":{"start":{"line":402,"column":6},"end":{"line":402,"column":50}},"98":{"start":{"line":402,"column":39},"end":{"line":402,"column":48}},"99":{"start":{"line":404,"column":4},"end":{"line":404,"column":25}},"100":{"start":{"line":408,"column":18},"end":{"line":408,"column":38}},"101":{"start":{"line":409,"column":4},"end":{"line":417,"column":5}},"102":{"start":{"line":410,"column":6},"end":{"line":416,"column":8}},"103":{"start":{"line":419,"column":21},"end":{"line":419,"column":74}},"104":{"start":{"line":419,"column":54},"end":{"line":419,"column":70}},"105":{"start":{"line":420,"column":25},"end":{"line":423,"column":5}},"106":{"start":{"line":421,"column":18},"end":{"line":421,"column":38}},"107":{"start":{"line":425,"column":19},"end":{"line":425,"column":35}},"108":{"start":{"line":426,"column":23},"end":{"line":426,"column":43}},"109":{"start":{"line":428,"column":18},"end":{"line":428,"column":54}},"110":{"start":{"line":431,"column":25},"end":{"line":431,"column":28}},"111":{"start":{"line":432,"column":21},"end":{"line":432,"column":78}},"112":{"start":{"line":433,"column":18},"end":{"line":433,"column":77}},"113":{"start":{"line":436,"column":4},"end":{"line":438,"column":5}},"114":{"start":{"line":437,"column":6},"end":{"line":437,"column":69}},"115":{"start":{"line":439,"column":4},"end":{"line":441,"column":5}},"116":{"start":{"line":440,"column":6},"end":{"line":440,"column":62}},"117":{"start":{"line":443,"column":4},"end":{"line":450,"column":5}},"118":{"start":{"line":449,"column":6},"end":{"line":449,"column":44}},"119":{"start":{"line":452,"column":21},"end":{"line":452,"column":68}},"120":{"start":{"line":455,"column":30},"end":{"line":455,"column":31}},"121":{"start":{"line":456,"column":4},"end":{"line":460,"column":5}},"122":{"start":{"line":457,"column":6},"end":{"line":457,"column":78}},"123":{"start":{"line":459,"column":6},"end":{"line":459,"column":30}},"124":{"start":{"line":462,"column":4},"end":{"line":471,"column":6}},"125":{"start":{"line":475,"column":4},"end":{"line":477,"column":5}},"126":{"start":{"line":476,"column":6},"end":{"line":476,"column":18}},"127":{"start":{"line":479,"column":21},"end":{"line":479,"column":78}},"128":{"start":{"line":480,"column":18},"end":{"line":480,"column":77}},"129":{"start":{"line":483,"column":4},"end":{"line":485,"column":5}},"130":{"start":{"line":484,"column":6},"end":{"line":484,"column":69}},"131":{"start":{"line":486,"column":4},"end":{"line":488,"column":5}},"132":{"start":{"line":487,"column":6},"end":{"line":487,"column":62}},"133":{"start":{"line":491,"column":6},"end":{"line":491,"column":76}},"134":{"start":{"line":493,"column":4},"end":{"line":511,"column":10}},"135":{"start":{"line":496,"column":6},"end":{"line":508,"column":7}},"136":{"start":{"line":497,"column":29},"end":{"line":497,"column":56}},"137":{"start":{"line":498,"column":25},"end":{"line":498,"column":45}},"138":{"start":{"line":499,"column":29},"end":{"line":499,"column":56}},"139":{"start":{"line":500,"column":25},"end":{"line":500,"column":45}},"140":{"start":{"line":501,"column":8},"end":{"line":501,"column":49}},"141":{"start":{"line":502,"column":8},"end":{"line":502,"column":49}},"142":{"start":{"line":504,"column":29},"end":{"line":504,"column":49}},"143":{"start":{"line":505,"column":29},"end":{"line":505,"column":49}},"144":{"start":{"line":506,"column":8},"end":{"line":506,"column":51}},"145":{"start":{"line":507,"column":8},"end":{"line":507,"column":51}},"146":{"start":{"line":510,"column":6},"end":{"line":510,"column":27}},"147":{"start":{"line":514,"column":30},"end":{"line":516,"column":3}},"148":{"start":{"line":515,"column":4},"end":{"line":515,"column":41}},"149":{"start":{"line":518,"column":27},"end":{"line":524,"column":3}},"150":{"start":{"line":519,"column":4},"end":{"line":523,"column":5}},"151":{"start":{"line":520,"column":6},"end":{"line":520,"column":68}},"152":{"start":{"line":520,"column":54},"end":{"line":520,"column":66}},"153":{"start":{"line":522,"column":6},"end":{"line":522,"column":30}},"154":{"start":{"line":526,"column":23},"end":{"line":528,"column":3}},"155":{"start":{"line":527,"column":4},"end":{"line":527,"column":39}},"156":{"start":{"line":530,"column":23},"end":{"line":545,"column":3}},"157":{"start":{"line":531,"column":20},"end":{"line":531,"column":63}},"158":{"start":{"line":531,"column":44},"end":{"line":531,"column":62}},"159":{"start":{"line":532,"column":4},"end":{"line":544,"column":5}},"160":{"start":{"line":533,"column":6},"end":{"line":539,"column":9}},"161":{"start":{"line":540,"column":6},"end":{"line":540,"column":72}},"162":{"start":{"line":541,"column":6},"end":{"line":541,"column":24}},"163":{"start":{"line":542,"column":6},"end":{"line":542,"column":34}},"164":{"start":{"line":543,"column":6},"end":{"line":543,"column":42}},"165":{"start":{"line":547,"column":24},"end":{"line":577,"column":3}},"166":{"start":{"line":548,"column":20},"end":{"line":548,"column":63}},"167":{"start":{"line":548,"column":44},"end":{"line":548,"column":62}},"168":{"start":{"line":549,"column":4},"end":{"line":576,"column":5}},"169":{"start":{"line":550,"column":6},"end":{"line":550,"column":29}},"170":{"start":{"line":551,"column":6},"end":{"line":551,"column":37}},"171":{"start":{"line":552,"column":6},"end":{"line":552,"column":54}},"172":{"start":{"line":553,"column":6},"end":{"line":553,"column":73}},"173":{"start":{"line":556,"column":6},"end":{"line":558,"column":7}},"174":{"start":{"line":557,"column":8},"end":{"line":557,"column":34}},"175":{"start":{"line":559,"column":6},"end":{"line":566,"column":9}},"176":{"start":{"line":568,"column":6},"end":{"line":572,"column":8}},"177":{"start":{"line":573,"column":6},"end":{"line":573,"column":25}},"178":{"start":{"line":574,"column":6},"end":{"line":574,"column":33}},"179":{"start":{"line":575,"column":6},"end":{"line":575,"column":41}},"180":{"start":{"line":579,"column":24},"end":{"line":594,"column":3}},"181":{"start":{"line":580,"column":20},"end":{"line":580,"column":63}},"182":{"start":{"line":580,"column":44},"end":{"line":580,"column":62}},"183":{"start":{"line":581,"column":4},"end":{"line":593,"column":5}},"184":{"start":{"line":582,"column":6},"end":{"line":582,"column":54}},"185":{"start":{"line":583,"column":6},"end":{"line":583,"column":73}},"186":{"start":{"line":585,"column":6},"end":{"line":589,"column":8}},"187":{"start":{"line":590,"column":6},"end":{"line":590,"column":24}},"188":{"start":{"line":591,"column":6},"end":{"line":591,"column":33}},"189":{"start":{"line":592,"column":6},"end":{"line":592,"column":41}},"190":{"start":{"line":596,"column":24},"end":{"line":612,"column":3}},"191":{"start":{"line":601,"column":4},"end":{"line":608,"column":7}},"192":{"start":{"line":609,"column":4},"end":{"line":611,"column":5}},"193":{"start":{"line":610,"column":6},"end":{"line":610,"column":34}},"194":{"start":{"line":614,"column":22},"end":{"line":621,"column":3}},"195":{"start":{"line":615,"column":21},"end":{"line":615,"column":31}},"196":{"start":{"line":616,"column":4},"end":{"line":616,"column":26}},"197":{"start":{"line":617,"column":4},"end":{"line":620,"column":5}},"198":{"start":{"line":618,"column":6},"end":{"line":618,"column":37}},"199":{"start":{"line":619,"column":6},"end":{"line":619,"column":30}},"200":{"start":{"line":623,"column":23},"end":{"line":636,"column":3}},"201":{"start":{"line":624,"column":4},"end":{"line":624,"column":32}},"202":{"start":{"line":626,"column":4},"end":{"line":626,"column":39}},"203":{"start":{"line":628,"column":4},"end":{"line":632,"column":7}},"204":{"start":{"line":633,"column":4},"end":{"line":633,"column":43}},"205":{"start":{"line":634,"column":4},"end":{"line":634,"column":32}},"206":{"start":{"line":635,"column":4},"end":{"line":635,"column":40}},"207":{"start":{"line":638,"column":25},"end":{"line":643,"column":3}},"208":{"start":{"line":642,"column":4},"end":{"line":642,"column":38}},"209":{"start":{"line":645,"column":23},"end":{"line":647,"column":3}},"210":{"start":{"line":646,"column":4},"end":{"line":646,"column":52}},"211":{"start":{"line":649,"column":24},"end":{"line":697,"column":3}},"212":{"start":{"line":651,"column":4},"end":{"line":657,"column":5}},"213":{"start":{"line":652,"column":20},"end":{"line":652,"column":66}},"214":{"start":{"line":652,"column":42},"end":{"line":652,"column":65}},"215":{"start":{"line":653,"column":6},"end":{"line":656,"column":7}},"216":{"start":{"line":654,"column":8},"end":{"line":654,"column":30}},"217":{"start":{"line":655,"column":8},"end":{"line":655,"column":36}},"218":{"start":{"line":660,"column":4},"end":{"line":666,"column":5}},"219":{"start":{"line":661,"column":20},"end":{"line":661,"column":67}},"220":{"start":{"line":661,"column":42},"end":{"line":661,"column":66}},"221":{"start":{"line":662,"column":6},"end":{"line":665,"column":7}},"222":{"start":{"line":663,"column":8},"end":{"line":663,"column":30}},"223":{"start":{"line":664,"column":8},"end":{"line":664,"column":36}},"224":{"start":{"line":669,"column":4},"end":{"line":675,"column":5}},"225":{"start":{"line":670,"column":20},"end":{"line":670,"column":59}},"226":{"start":{"line":670,"column":42},"end":{"line":670,"column":58}},"227":{"start":{"line":671,"column":6},"end":{"line":674,"column":7}},"228":{"start":{"line":672,"column":8},"end":{"line":672,"column":30}},"229":{"start":{"line":673,"column":8},"end":{"line":673,"column":36}},"230":{"start":{"line":679,"column":25},"end":{"line":680,"column":13}},"231":{"start":{"line":679,"column":59},"end":{"line":679,"column":78}},"232":{"start":{"line":681,"column":4},"end":{"line":687,"column":5}},"233":{"start":{"line":682,"column":20},"end":{"line":682,"column":64}},"234":{"start":{"line":682,"column":42},"end":{"line":682,"column":63}},"235":{"start":{"line":683,"column":6},"end":{"line":686,"column":7}},"236":{"start":{"line":684,"column":8},"end":{"line":684,"column":30}},"237":{"start":{"line":685,"column":8},"end":{"line":685,"column":36}},"238":{"start":{"line":690,"column":4},"end":{"line":696,"column":5}},"239":{"start":{"line":691,"column":20},"end":{"line":691,"column":68}},"240":{"start":{"line":691,"column":42},"end":{"line":691,"column":67}},"241":{"start":{"line":692,"column":6},"end":{"line":695,"column":7}},"242":{"start":{"line":693,"column":8},"end":{"line":693,"column":30}},"243":{"start":{"line":694,"column":8},"end":{"line":694,"column":36}},"244":{"start":{"line":699,"column":25},"end":{"line":701,"column":3}},"245":{"start":{"line":700,"column":4},"end":{"line":700,"column":29}},"246":{"start":{"line":703,"column":28},"end":{"line":707,"column":3}},"247":{"start":{"line":704,"column":4},"end":{"line":706,"column":5}},"248":{"start":{"line":705,"column":6},"end":{"line":705,"column":30}},"249":{"start":{"line":710,"column":22},"end":{"line":710,"column":41}}},"fnMap":{"0":{"name":"(anonymous_0)","decl":{"start":{"line":163,"column":2},"end":{"line":163,"column":3}},"loc":{"start":{"line":163,"column":31},"end":{"line":166,"column":3}},"line":163},"1":{"name":"(anonymous_1)","decl":{"start":{"line":220,"column":2},"end":{"line":220,"column":3}},"loc":{"start":{"line":220,"column":31},"end":{"line":222,"column":3}},"line":220},"2":{"name":"(anonymous_2)","decl":{"start":{"line":224,"column":2},"end":{"line":224,"column":3}},"loc":{"start":{"line":224,"column":16},"end":{"line":229,"column":3}},"line":224},"3":{"name":"(anonymous_3)","decl":{"start":{"line":231,"column":2},"end":{"line":231,"column":3}},"loc":{"start":{"line":231,"column":23},"end":{"line":239,"column":3}},"line":231},"4":{"name":"(anonymous_4)","decl":{"start":{"line":241,"column":32},"end":{"line":241,"column":33}},"loc":{"start":{"line":241,"column":56},"end":{"line":279,"column":3}},"line":241},"5":{"name":"(anonymous_5)","decl":{"start":{"line":281,"column":2},"end":{"line":281,"column":3}},"loc":{"start":{"line":281,"column":25},"end":{"line":330,"column":3}},"line":281},"6":{"name":"(anonymous_6)","decl":{"start":{"line":283,"column":16},"end":{"line":283,"column":17}},"loc":{"start":{"line":283,"column":28},"end":{"line":329,"column":5}},"line":283},"7":{"name":"(anonymous_7)","decl":{"start":{"line":285,"column":45},"end":{"line":285,"column":46}},"loc":{"start":{"line":285,"column":50},"end":{"line":285,"column":54}},"line":285},"8":{"name":"(anonymous_8)","decl":{"start":{"line":288,"column":20},"end":{"line":288,"column":21}},"loc":{"start":{"line":288,"column":26},"end":{"line":325,"column":9}},"line":288},"9":{"name":"(anonymous_9)","decl":{"start":{"line":289,"column":26},"end":{"line":289,"column":27}},"loc":{"start":{"line":289,"column":36},"end":{"line":324,"column":11}},"line":289},"10":{"name":"(anonymous_10)","decl":{"start":{"line":290,"column":47},"end":{"line":290,"column":48}},"loc":{"start":{"line":290,"column":52},"end":{"line":290,"column":77}},"line":290},"11":{"name":"(anonymous_11)","decl":{"start":{"line":332,"column":2},"end":{"line":332,"column":3}},"loc":{"start":{"line":332,"column":28},"end":{"line":347,"column":3}},"line":332},"12":{"name":"(anonymous_12)","decl":{"start":{"line":334,"column":20},"end":{"line":334,"column":21}},"loc":{"start":{"line":334,"column":26},"end":{"line":343,"column":5}},"line":334},"13":{"name":"(anonymous_13)","decl":{"start":{"line":336,"column":20},"end":{"line":336,"column":21}},"loc":{"start":{"line":336,"column":26},"end":{"line":341,"column":9}},"line":336},"14":{"name":"(anonymous_14)","decl":{"start":{"line":349,"column":27},"end":{"line":349,"column":28}},"loc":{"start":{"line":349,"column":33},"end":{"line":351,"column":3}},"line":349},"15":{"name":"(anonymous_15)","decl":{"start":{"line":353,"column":2},"end":{"line":353,"column":3}},"loc":{"start":{"line":353,"column":24},"end":{"line":361,"column":3}},"line":353},"16":{"name":"(anonymous_16)","decl":{"start":{"line":363,"column":2},"end":{"line":363,"column":3}},"loc":{"start":{"line":363,"column":34},"end":{"line":371,"column":3}},"line":363},"17":{"name":"(anonymous_17)","decl":{"start":{"line":373,"column":2},"end":{"line":373,"column":3}},"loc":{"start":{"line":373,"column":27},"end":{"line":381,"column":3}},"line":373},"18":{"name":"(anonymous_18)","decl":{"start":{"line":383,"column":2},"end":{"line":383,"column":3}},"loc":{"start":{"line":383,"column":37},"end":{"line":398,"column":3}},"line":383},"19":{"name":"(anonymous_19)","decl":{"start":{"line":384,"column":41},"end":{"line":384,"column":42}},"loc":{"start":{"line":384,"column":46},"end":{"line":384,"column":67}},"line":384},"20":{"name":"(anonymous_20)","decl":{"start":{"line":385,"column":43},"end":{"line":385,"column":44}},"loc":{"start":{"line":385,"column":48},"end":{"line":385,"column":71}},"line":385},"21":{"name":"(anonymous_21)","decl":{"start":{"line":400,"column":2},"end":{"line":400,"column":3}},"loc":{"start":{"line":400,"column":35},"end":{"line":405,"column":3}},"line":400},"22":{"name":"(anonymous_22)","decl":{"start":{"line":402,"column":34},"end":{"line":402,"column":35}},"loc":{"start":{"line":402,"column":39},"end":{"line":402,"column":48}},"line":402},"23":{"name":"(anonymous_23)","decl":{"start":{"line":407,"column":2},"end":{"line":407,"column":3}},"loc":{"start":{"line":407,"column":49},"end":{"line":472,"column":3}},"line":407},"24":{"name":"(anonymous_24)","decl":{"start":{"line":419,"column":42},"end":{"line":419,"column":43}},"loc":{"start":{"line":419,"column":54},"end":{"line":419,"column":70}},"line":419},"25":{"name":"(anonymous_25)","decl":{"start":{"line":421,"column":6},"end":{"line":421,"column":7}},"loc":{"start":{"line":421,"column":18},"end":{"line":421,"column":38}},"line":421},"26":{"name":"(anonymous_26)","decl":{"start":{"line":474,"column":2},"end":{"line":474,"column":3}},"loc":{"start":{"line":474,"column":30},"end":{"line":512,"column":3}},"line":474},"27":{"name":"(anonymous_27)","decl":{"start":{"line":493,"column":38},"end":{"line":493,"column":39}},"loc":{"start":{"line":493,"column":48},"end":{"line":511,"column":5}},"line":493},"28":{"name":"(anonymous_28)","decl":{"start":{"line":514,"column":30},"end":{"line":514,"column":31}},"loc":{"start":{"line":514,"column":36},"end":{"line":516,"column":3}},"line":514},"29":{"name":"(anonymous_29)","decl":{"start":{"line":518,"column":27},"end":{"line":518,"column":28}},"loc":{"start":{"line":518,"column":43},"end":{"line":524,"column":3}},"line":518},"30":{"name":"(anonymous_30)","decl":{"start":{"line":520,"column":45},"end":{"line":520,"column":46}},"loc":{"start":{"line":520,"column":54},"end":{"line":520,"column":66}},"line":520},"31":{"name":"(anonymous_31)","decl":{"start":{"line":526,"column":23},"end":{"line":526,"column":24}},"loc":{"start":{"line":526,"column":39},"end":{"line":528,"column":3}},"line":526},"32":{"name":"(anonymous_32)","decl":{"start":{"line":530,"column":23},"end":{"line":530,"column":24}},"loc":{"start":{"line":530,"column":76},"end":{"line":545,"column":3}},"line":530},"33":{"name":"(anonymous_33)","decl":{"start":{"line":531,"column":39},"end":{"line":531,"column":40}},"loc":{"start":{"line":531,"column":44},"end":{"line":531,"column":62}},"line":531},"34":{"name":"(anonymous_34)","decl":{"start":{"line":547,"column":24},"end":{"line":547,"column":25}},"loc":{"start":{"line":547,"column":77},"end":{"line":577,"column":3}},"line":547},"35":{"name":"(anonymous_35)","decl":{"start":{"line":548,"column":39},"end":{"line":548,"column":40}},"loc":{"start":{"line":548,"column":44},"end":{"line":548,"column":62}},"line":548},"36":{"name":"(anonymous_36)","decl":{"start":{"line":579,"column":24},"end":{"line":579,"column":25}},"loc":{"start":{"line":579,"column":47},"end":{"line":594,"column":3}},"line":579},"37":{"name":"(anonymous_37)","decl":{"start":{"line":580,"column":39},"end":{"line":580,"column":40}},"loc":{"start":{"line":580,"column":44},"end":{"line":580,"column":62}},"line":580},"38":{"name":"(anonymous_38)","decl":{"start":{"line":596,"column":24},"end":{"line":596,"column":25}},"loc":{"start":{"line":600,"column":7},"end":{"line":612,"column":3}},"line":600},"39":{"name":"(anonymous_39)","decl":{"start":{"line":614,"column":22},"end":{"line":614,"column":23}},"loc":{"start":{"line":614,"column":42},"end":{"line":621,"column":3}},"line":614},"40":{"name":"(anonymous_40)","decl":{"start":{"line":623,"column":23},"end":{"line":623,"column":24}},"loc":{"start":{"line":623,"column":43},"end":{"line":636,"column":3}},"line":623},"41":{"name":"(anonymous_41)","decl":{"start":{"line":638,"column":25},"end":{"line":638,"column":26}},"loc":{"start":{"line":641,"column":7},"end":{"line":643,"column":3}},"line":641},"42":{"name":"(anonymous_42)","decl":{"start":{"line":645,"column":23},"end":{"line":645,"column":24}},"loc":{"start":{"line":645,"column":29},"end":{"line":647,"column":3}},"line":645},"43":{"name":"(anonymous_43)","decl":{"start":{"line":649,"column":24},"end":{"line":649,"column":25}},"loc":{"start":{"line":649,"column":48},"end":{"line":697,"column":3}},"line":649},"44":{"name":"(anonymous_44)","decl":{"start":{"line":652,"column":37},"end":{"line":652,"column":38}},"loc":{"start":{"line":652,"column":42},"end":{"line":652,"column":65}},"line":652},"45":{"name":"(anonymous_45)","decl":{"start":{"line":661,"column":37},"end":{"line":661,"column":38}},"loc":{"start":{"line":661,"column":42},"end":{"line":661,"column":66}},"line":661},"46":{"name":"(anonymous_46)","decl":{"start":{"line":670,"column":37},"end":{"line":670,"column":38}},"loc":{"start":{"line":670,"column":42},"end":{"line":670,"column":58}},"line":670},"47":{"name":"(anonymous_47)","decl":{"start":{"line":679,"column":54},"end":{"line":679,"column":55}},"loc":{"start":{"line":679,"column":59},"end":{"line":679,"column":78}},"line":679},"48":{"name":"(anonymous_48)","decl":{"start":{"line":682,"column":37},"end":{"line":682,"column":38}},"loc":{"start":{"line":682,"column":42},"end":{"line":682,"column":63}},"line":682},"49":{"name":"(anonymous_49)","decl":{"start":{"line":691,"column":37},"end":{"line":691,"column":38}},"loc":{"start":{"line":691,"column":42},"end":{"line":691,"column":67}},"line":691},"50":{"name":"(anonymous_50)","decl":{"start":{"line":699,"column":25},"end":{"line":699,"column":26}},"loc":{"start":{"line":699,"column":31},"end":{"line":701,"column":3}},"line":699},"51":{"name":"(anonymous_51)","decl":{"start":{"line":703,"column":28},"end":{"line":703,"column":29}},"loc":{"start":{"line":703,"column":34},"end":{"line":707,"column":3}},"line":703}},"branchMap":{"0":{"loc":{"start":{"line":221,"column":11},"end":{"line":221,"column":65}},"type":"cond-expr","locations":[{"start":{"line":221,"column":40},"end":{"line":221,"column":58}},{"start":{"line":221,"column":61},"end":{"line":221,"column":65}}],"line":221},"1":{"loc":{"start":{"line":242,"column":4},"end":{"line":244,"column":5}},"type":"if","locations":[{"start":{"line":242,"column":4},"end":{"line":244,"column":5}},{"start":{},"end":{}}],"line":242},"2":{"loc":{"start":{"line":248,"column":4},"end":{"line":266,"column":5}},"type":"if","locations":[{"start":{"line":248,"column":4},"end":{"line":266,"column":5}},{"start":{"line":254,"column":11},"end":{"line":266,"column":5}}],"line":248},"3":{"loc":{"start":{"line":249,"column":6},"end":{"line":250,"column":47}},"type":"binary-expr","locations":[{"start":{"line":249,"column":6},"end":{"line":249,"column":52}},{"start":{"line":250,"column":6},"end":{"line":250,"column":47}}],"line":249},"4":{"loc":{"start":{"line":254,"column":11},"end":{"line":266,"column":5}},"type":"if","locations":[{"start":{"line":254,"column":11},"end":{"line":266,"column":5}},{"start":{"line":260,"column":11},"end":{"line":266,"column":5}}],"line":254},"5":{"loc":{"start":{"line":255,"column":6},"end":{"line":256,"column":30}},"type":"binary-expr","locations":[{"start":{"line":255,"column":6},"end":{"line":255,"column":49}},{"start":{"line":256,"column":6},"end":{"line":256,"column":30}}],"line":255},"6":{"loc":{"start":{"line":260,"column":11},"end":{"line":266,"column":5}},"type":"if","locations":[{"start":{"line":260,"column":11},"end":{"line":266,"column":5}},{"start":{},"end":{}}],"line":260},"7":{"loc":{"start":{"line":261,"column":6},"end":{"line":262,"column":30}},"type":"binary-expr","locations":[{"start":{"line":261,"column":6},"end":{"line":261,"column":52}},{"start":{"line":262,"column":6},"end":{"line":262,"column":30}}],"line":261},"8":{"loc":{"start":{"line":268,"column":4},"end":{"line":278,"column":5}},"type":"if","locations":[{"start":{"line":268,"column":4},"end":{"line":278,"column":5}},{"start":{},"end":{}}],"line":268},"9":{"loc":{"start":{"line":269,"column":6},"end":{"line":270,"column":64}},"type":"binary-expr","locations":[{"start":{"line":269,"column":6},"end":{"line":269,"column":18}},{"start":{"line":270,"column":6},"end":{"line":270,"column":64}}],"line":269},"10":{"loc":{"start":{"line":291,"column":12},"end":{"line":323,"column":13}},"type":"if","locations":[{"start":{"line":291,"column":12},"end":{"line":323,"column":13}},{"start":{},"end":{}}],"line":291},"11":{"loc":{"start":{"line":292,"column":14},"end":{"line":293,"column":66}},"type":"binary-expr","locations":[{"start":{"line":292,"column":14},"end":{"line":292,"column":21}},{"start":{"line":293,"column":15},"end":{"line":293,"column":36}},{"start":{"line":293,"column":40},"end":{"line":293,"column":65}}],"line":292},"12":{"loc":{"start":{"line":308,"column":14},"end":{"line":312,"column":15}},"type":"if","locations":[{"start":{"line":308,"column":14},"end":{"line":312,"column":15}},{"start":{"line":310,"column":21},"end":{"line":312,"column":15}}],"line":308},"13":{"loc":{"start":{"line":308,"column":18},"end":{"line":308,"column":52}},"type":"binary-expr","locations":[{"start":{"line":308,"column":18},"end":{"line":308,"column":32}},{"start":{"line":308,"column":36},"end":{"line":308,"column":52}}],"line":308},"14":{"loc":{"start":{"line":310,"column":21},"end":{"line":312,"column":15}},"type":"if","locations":[{"start":{"line":310,"column":21},"end":{"line":312,"column":15}},{"start":{},"end":{}}],"line":310},"15":{"loc":{"start":{"line":315,"column":14},"end":{"line":322,"column":15}},"type":"if","locations":[{"start":{"line":315,"column":14},"end":{"line":322,"column":15}},{"start":{},"end":{}}],"line":315},"16":{"loc":{"start":{"line":315,"column":18},"end":{"line":315,"column":63}},"type":"binary-expr","locations":[{"start":{"line":315,"column":18},"end":{"line":315,"column":32}},{"start":{"line":315,"column":36},"end":{"line":315,"column":63}}],"line":315},"17":{"loc":{"start":{"line":335,"column":6},"end":{"line":342,"column":7}},"type":"if","locations":[{"start":{"line":335,"column":6},"end":{"line":342,"column":7}},{"start":{},"end":{}}],"line":335},"18":{"loc":{"start":{"line":354,"column":4},"end":{"line":356,"column":5}},"type":"if","locations":[{"start":{"line":354,"column":4},"end":{"line":356,"column":5}},{"start":{},"end":{}}],"line":354},"19":{"loc":{"start":{"line":357,"column":4},"end":{"line":359,"column":5}},"type":"if","locations":[{"start":{"line":357,"column":4},"end":{"line":359,"column":5}},{"start":{},"end":{}}],"line":357},"20":{"loc":{"start":{"line":364,"column":4},"end":{"line":366,"column":5}},"type":"if","locations":[{"start":{"line":364,"column":4},"end":{"line":366,"column":5}},{"start":{},"end":{}}],"line":364},"21":{"loc":{"start":{"line":367,"column":4},"end":{"line":369,"column":5}},"type":"if","locations":[{"start":{"line":367,"column":4},"end":{"line":369,"column":5}},{"start":{},"end":{}}],"line":367},"22":{"loc":{"start":{"line":374,"column":4},"end":{"line":376,"column":5}},"type":"if","locations":[{"start":{"line":374,"column":4},"end":{"line":376,"column":5}},{"start":{},"end":{}}],"line":374},"23":{"loc":{"start":{"line":377,"column":4},"end":{"line":379,"column":5}},"type":"if","locations":[{"start":{"line":377,"column":4},"end":{"line":379,"column":5}},{"start":{},"end":{}}],"line":377},"24":{"loc":{"start":{"line":388,"column":4},"end":{"line":390,"column":5}},"type":"if","locations":[{"start":{"line":388,"column":4},"end":{"line":390,"column":5}},{"start":{},"end":{}}],"line":388},"25":{"loc":{"start":{"line":391,"column":4},"end":{"line":393,"column":5}},"type":"if","locations":[{"start":{"line":391,"column":4},"end":{"line":393,"column":5}},{"start":{},"end":{}}],"line":391},"26":{"loc":{"start":{"line":391,"column":8},"end":{"line":391,"column":44}},"type":"binary-expr","locations":[{"start":{"line":391,"column":8},"end":{"line":391,"column":27}},{"start":{"line":391,"column":31},"end":{"line":391,"column":44}}],"line":391},"27":{"loc":{"start":{"line":394,"column":4},"end":{"line":396,"column":5}},"type":"if","locations":[{"start":{"line":394,"column":4},"end":{"line":396,"column":5}},{"start":{},"end":{}}],"line":394},"28":{"loc":{"start":{"line":394,"column":8},"end":{"line":394,"column":42}},"type":"binary-expr","locations":[{"start":{"line":394,"column":8},"end":{"line":394,"column":27}},{"start":{"line":394,"column":31},"end":{"line":394,"column":42}}],"line":394},"29":{"loc":{"start":{"line":401,"column":4},"end":{"line":403,"column":5}},"type":"if","locations":[{"start":{"line":401,"column":4},"end":{"line":403,"column":5}},{"start":{},"end":{}}],"line":401},"30":{"loc":{"start":{"line":409,"column":4},"end":{"line":417,"column":5}},"type":"if","locations":[{"start":{"line":409,"column":4},"end":{"line":417,"column":5}},{"start":{},"end":{}}],"line":409},"31":{"loc":{"start":{"line":428,"column":18},"end":{"line":428,"column":54}},"type":"cond-expr","locations":[{"start":{"line":428,"column":31},"end":{"line":428,"column":50}},{"start":{"line":428,"column":53},"end":{"line":428,"column":54}}],"line":428},"32":{"loc":{"start":{"line":436,"column":4},"end":{"line":438,"column":5}},"type":"if","locations":[{"start":{"line":436,"column":4},"end":{"line":438,"column":5}},{"start":{},"end":{}}],"line":436},"33":{"loc":{"start":{"line":436,"column":8},"end":{"line":436,"column":77}},"type":"binary-expr","locations":[{"start":{"line":436,"column":9},"end":{"line":436,"column":26}},{"start":{"line":436,"column":30},"end":{"line":436,"column":45}},{"start":{"line":436,"column":50},"end":{"line":436,"column":77}}],"line":436},"34":{"loc":{"start":{"line":439,"column":4},"end":{"line":441,"column":5}},"type":"if","locations":[{"start":{"line":439,"column":4},"end":{"line":441,"column":5}},{"start":{},"end":{}}],"line":439},"35":{"loc":{"start":{"line":439,"column":8},"end":{"line":439,"column":71}},"type":"binary-expr","locations":[{"start":{"line":439,"column":9},"end":{"line":439,"column":23}},{"start":{"line":439,"column":27},"end":{"line":439,"column":39}},{"start":{"line":439,"column":44},"end":{"line":439,"column":71}}],"line":439},"36":{"loc":{"start":{"line":443,"column":4},"end":{"line":450,"column":5}},"type":"if","locations":[{"start":{"line":443,"column":4},"end":{"line":450,"column":5}},{"start":{},"end":{}}],"line":443},"37":{"loc":{"start":{"line":444,"column":6},"end":{"line":447,"column":17}},"type":"binary-expr","locations":[{"start":{"line":444,"column":6},"end":{"line":444,"column":24}},{"start":{"line":445,"column":6},"end":{"line":445,"column":21}},{"start":{"line":446,"column":6},"end":{"line":446,"column":20}},{"start":{"line":447,"column":6},"end":{"line":447,"column":17}}],"line":444},"38":{"loc":{"start":{"line":452,"column":21},"end":{"line":452,"column":68}},"type":"cond-expr","locations":[{"start":{"line":452,"column":46},"end":{"line":452,"column":55}},{"start":{"line":452,"column":58},"end":{"line":452,"column":68}}],"line":452},"39":{"loc":{"start":{"line":456,"column":4},"end":{"line":460,"column":5}},"type":"if","locations":[{"start":{"line":456,"column":4},"end":{"line":460,"column":5}},{"start":{"line":458,"column":11},"end":{"line":460,"column":5}}],"line":456},"40":{"loc":{"start":{"line":475,"column":4},"end":{"line":477,"column":5}},"type":"if","locations":[{"start":{"line":475,"column":4},"end":{"line":477,"column":5}},{"start":{},"end":{}}],"line":475},"41":{"loc":{"start":{"line":483,"column":4},"end":{"line":485,"column":5}},"type":"if","locations":[{"start":{"line":483,"column":4},"end":{"line":485,"column":5}},{"start":{},"end":{}}],"line":483},"42":{"loc":{"start":{"line":483,"column":8},"end":{"line":483,"column":77}},"type":"binary-expr","locations":[{"start":{"line":483,"column":9},"end":{"line":483,"column":26}},{"start":{"line":483,"column":30},"end":{"line":483,"column":45}},{"start":{"line":483,"column":50},"end":{"line":483,"column":77}}],"line":483},"43":{"loc":{"start":{"line":486,"column":4},"end":{"line":488,"column":5}},"type":"if","locations":[{"start":{"line":486,"column":4},"end":{"line":488,"column":5}},{"start":{},"end":{}}],"line":486},"44":{"loc":{"start":{"line":486,"column":8},"end":{"line":486,"column":71}},"type":"binary-expr","locations":[{"start":{"line":486,"column":9},"end":{"line":486,"column":23}},{"start":{"line":486,"column":27},"end":{"line":486,"column":39}},{"start":{"line":486,"column":44},"end":{"line":486,"column":71}}],"line":486},"45":{"loc":{"start":{"line":491,"column":6},"end":{"line":491,"column":76}},"type":"binary-expr","locations":[{"start":{"line":491,"column":6},"end":{"line":491,"column":24}},{"start":{"line":491,"column":28},"end":{"line":491,"column":43}},{"start":{"line":491,"column":47},"end":{"line":491,"column":61}},{"start":{"line":491,"column":65},"end":{"line":491,"column":76}}],"line":491},"46":{"loc":{"start":{"line":496,"column":6},"end":{"line":508,"column":7}},"type":"if","locations":[{"start":{"line":496,"column":6},"end":{"line":508,"column":7}},{"start":{"line":503,"column":13},"end":{"line":508,"column":7}}],"line":496},"47":{"loc":{"start":{"line":519,"column":4},"end":{"line":523,"column":5}},"type":"if","locations":[{"start":{"line":519,"column":4},"end":{"line":523,"column":5}},{"start":{"line":521,"column":11},"end":{"line":523,"column":5}}],"line":519},"48":{"loc":{"start":{"line":532,"column":4},"end":{"line":544,"column":5}},"type":"if","locations":[{"start":{"line":532,"column":4},"end":{"line":544,"column":5}},{"start":{},"end":{}}],"line":532},"49":{"loc":{"start":{"line":549,"column":4},"end":{"line":576,"column":5}},"type":"if","locations":[{"start":{"line":549,"column":4},"end":{"line":576,"column":5}},{"start":{},"end":{}}],"line":549},"50":{"loc":{"start":{"line":553,"column":36},"end":{"line":553,"column":67}},"type":"binary-expr","locations":[{"start":{"line":553,"column":36},"end":{"line":553,"column":62}},{"start":{"line":553,"column":66},"end":{"line":553,"column":67}}],"line":553},"51":{"loc":{"start":{"line":556,"column":6},"end":{"line":558,"column":7}},"type":"if","locations":[{"start":{"line":556,"column":6},"end":{"line":558,"column":7}},{"start":{},"end":{}}],"line":556},"52":{"loc":{"start":{"line":581,"column":4},"end":{"line":593,"column":5}},"type":"if","locations":[{"start":{"line":581,"column":4},"end":{"line":593,"column":5}},{"start":{},"end":{}}],"line":581},"53":{"loc":{"start":{"line":583,"column":36},"end":{"line":583,"column":67}},"type":"binary-expr","locations":[{"start":{"line":583,"column":36},"end":{"line":583,"column":62}},{"start":{"line":583,"column":66},"end":{"line":583,"column":67}}],"line":583},"54":{"loc":{"start":{"line":609,"column":4},"end":{"line":611,"column":5}},"type":"if","locations":[{"start":{"line":609,"column":4},"end":{"line":611,"column":5}},{"start":{},"end":{}}],"line":609},"55":{"loc":{"start":{"line":617,"column":4},"end":{"line":620,"column":5}},"type":"if","locations":[{"start":{"line":617,"column":4},"end":{"line":620,"column":5}},{"start":{},"end":{}}],"line":617},"56":{"loc":{"start":{"line":640,"column":4},"end":{"line":640,"column":49}},"type":"default-arg","locations":[{"start":{"line":640,"column":43},"end":{"line":640,"column":49}}],"line":640},"57":{"loc":{"start":{"line":651,"column":4},"end":{"line":657,"column":5}},"type":"if","locations":[{"start":{"line":651,"column":4},"end":{"line":657,"column":5}},{"start":{},"end":{}}],"line":651},"58":{"loc":{"start":{"line":653,"column":6},"end":{"line":656,"column":7}},"type":"if","locations":[{"start":{"line":653,"column":6},"end":{"line":656,"column":7}},{"start":{},"end":{}}],"line":653},"59":{"loc":{"start":{"line":653,"column":10},"end":{"line":653,"column":34}},"type":"binary-expr","locations":[{"start":{"line":653,"column":10},"end":{"line":653,"column":15}},{"start":{"line":653,"column":19},"end":{"line":653,"column":34}}],"line":653},"60":{"loc":{"start":{"line":660,"column":4},"end":{"line":666,"column":5}},"type":"if","locations":[{"start":{"line":660,"column":4},"end":{"line":666,"column":5}},{"start":{},"end":{}}],"line":660},"61":{"loc":{"start":{"line":662,"column":6},"end":{"line":665,"column":7}},"type":"if","locations":[{"start":{"line":662,"column":6},"end":{"line":665,"column":7}},{"start":{},"end":{}}],"line":662},"62":{"loc":{"start":{"line":662,"column":10},"end":{"line":662,"column":34}},"type":"binary-expr","locations":[{"start":{"line":662,"column":10},"end":{"line":662,"column":15}},{"start":{"line":662,"column":19},"end":{"line":662,"column":34}}],"line":662},"63":{"loc":{"start":{"line":669,"column":4},"end":{"line":675,"column":5}},"type":"if","locations":[{"start":{"line":669,"column":4},"end":{"line":675,"column":5}},{"start":{},"end":{}}],"line":669},"64":{"loc":{"start":{"line":671,"column":6},"end":{"line":674,"column":7}},"type":"if","locations":[{"start":{"line":671,"column":6},"end":{"line":674,"column":7}},{"start":{},"end":{}}],"line":671},"65":{"loc":{"start":{"line":671,"column":10},"end":{"line":671,"column":34}},"type":"binary-expr","locations":[{"start":{"line":671,"column":10},"end":{"line":671,"column":15}},{"start":{"line":671,"column":19},"end":{"line":671,"column":34}}],"line":671},"66":{"loc":{"start":{"line":681,"column":4},"end":{"line":687,"column":5}},"type":"if","locations":[{"start":{"line":681,"column":4},"end":{"line":687,"column":5}},{"start":{},"end":{}}],"line":681},"67":{"loc":{"start":{"line":683,"column":6},"end":{"line":686,"column":7}},"type":"if","locations":[{"start":{"line":683,"column":6},"end":{"line":686,"column":7}},{"start":{},"end":{}}],"line":683},"68":{"loc":{"start":{"line":683,"column":10},"end":{"line":683,"column":34}},"type":"binary-expr","locations":[{"start":{"line":683,"column":10},"end":{"line":683,"column":15}},{"start":{"line":683,"column":19},"end":{"line":683,"column":34}}],"line":683},"69":{"loc":{"start":{"line":690,"column":4},"end":{"line":696,"column":5}},"type":"if","locations":[{"start":{"line":690,"column":4},"end":{"line":696,"column":5}},{"start":{},"end":{}}],"line":690},"70":{"loc":{"start":{"line":692,"column":6},"end":{"line":695,"column":7}},"type":"if","locations":[{"start":{"line":692,"column":6},"end":{"line":695,"column":7}},{"start":{},"end":{}}],"line":692},"71":{"loc":{"start":{"line":692,"column":10},"end":{"line":692,"column":34}},"type":"binary-expr","locations":[{"start":{"line":692,"column":10},"end":{"line":692,"column":15}},{"start":{"line":692,"column":19},"end":{"line":692,"column":34}}],"line":692},"72":{"loc":{"start":{"line":704,"column":4},"end":{"line":706,"column":5}},"type":"if","locations":[{"start":{"line":704,"column":4},"end":{"line":706,"column":5}},{"start":{},"end":{}}],"line":704}},"s":{"0":2,"1":2,"2":2,"3":2,"4":2,"5":2,"6":2,"7":0,"8":2,"9":2,"10":2,"11":2,"12":2,"13":2,"14":2,"15":2,"16":0,"17":2,"18":2,"19":2,"20":2,"21":2,"22":2,"23":2,"24":3,"25":2,"26":1,"27":1,"28":1,"29":1,"30":0,"31":0,"32":0,"33":0,"34":0,"35":0,"36":1,"37":1,"38":1,"39":1,"40":2,"41":0,"42":0,"43":0,"44":0,"45":0,"46":0,"47":0,"48":0,"49":0,"50":0,"51":0,"52":0,"53":0,"54":0,"55":0,"56":0,"57":0,"58":0,"59":0,"60":0,"61":2,"62":0,"63":0,"64":0,"65":2,"66":2,"67":2,"68":0,"69":13,"70":5,"71":8,"72":7,"73":1,"74":2,"75":1,"76":1,"77":1,"78":0,"79":5,"80":2,"81":3,"82":2,"83":1,"84":0,"85":0,"86":0,"87":0,"88":0,"89":0,"90":0,"91":0,"92":0,"93":0,"94":0,"95":0,"96":3,"97":2,"98":4,"99":1,"100":3,"101":3,"102":1,"103":2,"104":2,"105":2,"106":2,"107":2,"108":2,"109":2,"110":2,"111":2,"112":2,"113":2,"114":2,"115":2,"116":2,"117":2,"118":2,"119":2,"120":2,"121":2,"122":1,"123":1,"124":2,"125":0,"126":0,"127":0,"128":0,"129":0,"130":0,"131":0,"132":0,"133":0,"134":0,"135":0,"136":0,"137":0,"138":0,"139":0,"140":0,"141":0,"142":0,"143":0,"144":0,"145":0,"146":0,"147":2,"148":1,"149":2,"150":2,"151":1,"152":1,"153":1,"154":2,"155":3,"156":2,"157":1,"158":1,"159":1,"160":1,"161":1,"162":1,"163":1,"164":1,"165":2,"166":1,"167":1,"168":1,"169":1,"170":1,"171":1,"172":1,"173":1,"174":1,"175":1,"176":1,"177":1,"178":1,"179":1,"180":2,"181":1,"182":1,"183":1,"184":1,"185":1,"186":1,"187":1,"188":1,"189":1,"190":2,"191":3,"192":3,"193":0,"194":2,"195":4,"196":4,"197":4,"198":1,"199":1,"200":2,"201":0,"202":0,"203":0,"204":0,"205":0,"206":0,"207":2,"208":1,"209":2,"210":0,"211":2,"212":3,"213":3,"214":3,"215":3,"216":1,"217":1,"218":3,"219":1,"220":2,"221":1,"222":1,"223":1,"224":3,"225":0,"226":0,"227":0,"228":0,"229":0,"230":3,"231":15,"232":3,"233":0,"234":0,"235":0,"236":0,"237":0,"238":3,"239":0,"240":0,"241":0,"242":0,"243":0,"244":2,"245":0,"246":2,"247":0,"248":0,"249":2},"f":{"0":0,"1":0,"2":2,"3":2,"4":3,"5":2,"6":0,"7":0,"8":0,"9":0,"10":0,"11":2,"12":0,"13":0,"14":0,"15":13,"16":2,"17":5,"18":0,"19":0,"20":0,"21":3,"22":4,"23":3,"24":2,"25":2,"26":0,"27":0,"28":1,"29":2,"30":1,"31":3,"32":1,"33":1,"34":1,"35":1,"36":1,"37":1,"38":3,"39":4,"40":0,"41":1,"42":0,"43":3,"44":3,"45":2,"46":0,"47":15,"48":0,"49":0,"50":0,"51":0},"b":{"0":[0,0],"1":[2,1],"2":[1,0],"3":[1,1],"4":[0,0],"5":[0,0],"6":[0,0],"7":[0,0],"8":[1,0],"9":[1,1],"10":[0,0],"11":[0,0,0],"12":[0,0],"13":[0,0],"14":[0,0],"15":[0,0],"16":[0,0],"17":[0,0],"18":[5,8],"19":[7,1],"20":[1,1],"21":[1,0],"22":[2,3],"23":[2,1],"24":[0,0],"25":[0,0],"26":[0,0],"27":[0,0],"28":[0,0],"29":[2,1],"30":[1,2],"31":[2,0],"32":[2,0],"33":[2,0,2],"34":[2,0],"35":[2,0,2],"36":[2,0],"37":[2,2,2,2],"38":[1,1],"39":[1,1],"40":[0,0],"41":[0,0],"42":[0,0,0],"43":[0,0],"44":[0,0,0],"45":[0,0,0,0],"46":[0,0],"47":[1,1],"48":[1,0],"49":[1,0],"50":[1,1],"51":[1,0],"52":[1,0],"53":[1,1],"54":[0,3],"55":[1,3],"56":[0],"57":[3,0],"58":[1,2],"59":[3,3],"60":[1,2],"61":[1,0],"62":[1,1],"63":[0,3],"64":[0,0],"65":[0,0],"66":[0,3],"67":[0,0],"68":[0,0],"69":[0,3],"70":[0,0],"71":[0,0],"72":[0,0]},"_coverageSchema":"1a1c01bbd47fc00a2c39e90264f33305004495a9","hash":"cd44f4748be2a119ee9bad6a428a016d766325fc"}
}
