TN:
SF:/app/src/stores/home.store.tsx
FN:12,(anonymous_0)
FN:52,(anonymous_1)
FNF:2
FNH:1
FNDA:6,(anonymous_0)
FNDA:0,(anonymous_1)
DA:5,1
DA:6,1
DA:7,1
DA:8,1
DA:9,1
DA:10,1
DA:12,2
DA:13,6
DA:14,6
DA:15,6
DA:16,6
DA:18,6
DA:19,5
DA:20,5
DA:22,5
DA:24,2
DA:25,2
DA:27,2
DA:28,1
DA:31,3
DA:32,3
DA:33,2
DA:36,5
DA:37,1
DA:38,1
DA:39,4
DA:40,2
DA:41,2
DA:43,2
DA:44,2
DA:47,1
DA:48,1
DA:52,2
DA:53,0
DA:54,0
DA:55,0
DA:56,0
DA:60,2
LF:38
LH:34
BRDA:18,0,0,5
BRDA:18,0,1,1
BRDA:18,1,0,6
BRDA:18,1,1,5
BRDA:18,1,2,5
BRDA:22,2,0,2
BRDA:22,2,1,3
BRDA:22,3,0,5
BRDA:22,3,1,2
BRDA:22,3,2,2
BRDA:22,3,3,2
BRDA:27,4,0,1
BRDA:27,4,1,1
BRDA:28,5,0,0
BRDA:28,5,1,1
BRDA:32,6,0,1
BRDA:32,6,1,2
BRDA:33,7,0,1
BRDA:33,7,1,1
BRDA:36,8,0,1
BRDA:36,8,1,4
BRDA:39,9,0,2
BRDA:39,9,1,2
BRF:23
BRH:22
end_of_record
TN:
SF:/app/src/stores/stations.store.ts
FN:67,(anonymous_0)
FN:72,(anonymous_1)
FN:74,(anonymous_2)
FN:75,(anonymous_3)
FN:76,(anonymous_4)
FN:87,(anonymous_5)
FN:89,(anonymous_6)
FN:90,(anonymous_7)
FN:97,(anonymous_8)
FN:101,(anonymous_9)
FN:103,(anonymous_10)
FN:108,(anonymous_11)
FN:115,(anonymous_12)
FN:136,(anonymous_13)
FN:140,(anonymous_14)
FN:142,(anonymous_15)
FN:148,(anonymous_16)
FN:152,(anonymous_17)
FN:153,(anonymous_18)
FN:164,(anonymous_19)
FN:165,(anonymous_20)
FNF:21
FNH:13
FNDA:1,(anonymous_0)
FNDA:1,(anonymous_1)
FNDA:0,(anonymous_2)
FNDA:0,(anonymous_3)
FNDA:0,(anonymous_4)
FNDA:1,(anonymous_5)
FNDA:0,(anonymous_6)
FNDA:0,(anonymous_7)
FNDA:0,(anonymous_8)
FNDA:3,(anonymous_9)
FNDA:4,(anonymous_10)
FNDA:0,(anonymous_11)
FNDA:0,(anonymous_12)
FNDA:1,(anonymous_13)
FNDA:2,(anonymous_14)
FNDA:1,(anonymous_15)
FNDA:3,(anonymous_16)
FNDA:1,(anonymous_17)
FNDA:1,(anonymous_18)
FNDA:1,(anonymous_19)
FNDA:1,(anonymous_20)
DA:24,1
DA:62,1
DA:63,1
DA:64,1
DA:65,1
DA:68,1
DA:69,1
DA:74,1
DA:75,0
DA:76,0
DA:77,0
DA:78,0
DA:79,0
DA:80,0
DA:89,1
DA:90,0
DA:92,0
DA:97,1
DA:98,0
DA:102,3
DA:103,4
DA:105,1
DA:109,0
DA:111,0
DA:112,0
DA:113,0
DA:115,0
DA:118,0
DA:119,0
DA:120,0
DA:121,0
DA:122,0
DA:123,0
DA:124,0
DA:126,0
DA:127,0
DA:128,0
DA:129,0
DA:132,0
DA:136,1
DA:137,1
DA:140,1
DA:141,2
DA:142,1
DA:144,1
DA:148,1
DA:149,3
DA:152,1
DA:153,1
DA:154,1
DA:155,1
DA:164,1
DA:165,1
DA:166,1
DA:167,1
DA:168,1
DA:173,1
LF:57
LH:31
BRDA:77,0,0,0
BRDA:77,0,1,0
BRDA:102,1,0,2
BRDA:102,1,1,1
BRDA:109,2,0,0
BRDA:109,2,1,0
BRDA:113,3,0,0
BRDA:113,3,1,0
BRDA:113,3,2,0
BRDA:113,3,3,0
BRDA:118,4,0,0
BRDA:118,4,1,0
BRDA:141,5,0,1
BRDA:141,5,1,1
BRDA:154,6,0,1
BRDA:154,6,1,0
BRDA:166,7,0,1
BRDA:166,7,1,0
BRF:18
BRH:6
end_of_record
