TN:
SF:src/services/api.service.ts
FN:12,(anonymous_0)
FN:13,(anonymous_1)
FN:14,(anonymous_2)
FN:15,(anonymous_3)
FNF:4
FNH:0
FNDA:0,(anonymous_0)
FNDA:0,(anonymous_1)
FNDA:0,(anonymous_2)
FNDA:0,(anonymous_3)
DA:12,1
DA:13,0
DA:14,0
DA:15,0
DA:17,0
DA:18,0
DA:19,0
DA:21,0
DA:22,0
DA:23,0
DA:24,0
DA:27,0
DA:35,0
LF:13
LH:1
BRDA:21,0,0,0
BRDA:21,0,1,0
BRDA:23,1,0,0
BRDA:23,1,1,0
BRDA:24,2,0,0
BRDA:24,2,1,0
BRF:6
BRH:0
end_of_record
TN:
SF:src/stores/garage.store.ts
FN:37,(anonymous_0)
FN:38,(anonymous_1)
FN:41,(anonymous_2)
FN:43,(anonymous_3)
FN:44,(anonymous_4)
FN:47,(anonymous_5)
FN:49,(anonymous_6)
FN:54,(anonymous_7)
FN:56,(anonymous_8)
FN:59,(anonymous_9)
FN:63,(anonymous_10)
FN:64,(anonymous_11)
FN:67,(anonymous_12)
FN:72,(anonymous_13)
FN:78,(anonymous_14)
FN:89,(anonymous_15)
FN:93,(anonymous_16)
FN:106,(anonymous_17)
FN:111,(anonymous_18)
FNF:19
FNH:19
FNDA:21,(anonymous_0)
FNDA:22,(anonymous_1)
FNDA:3,(anonymous_2)
FNDA:9,(anonymous_3)
FNDA:3,(anonymous_4)
FNDA:1,(anonymous_5)
FNDA:2,(anonymous_6)
FNDA:1,(anonymous_7)
FNDA:2,(anonymous_8)
FNDA:2,(anonymous_9)
FNDA:1,(anonymous_10)
FNDA:1,(anonymous_11)
FNDA:1,(anonymous_12)
FNDA:1,(anonymous_13)
FNDA:6,(anonymous_14)
FNDA:1,(anonymous_15)
FNDA:4,(anonymous_16)
FNDA:1,(anonymous_17)
FNDA:1,(anonymous_18)
DA:24,3
DA:34,3
DA:35,3
DA:38,22
DA:42,3
DA:43,9
DA:44,3
DA:48,1
DA:49,2
DA:55,1
DA:56,2
DA:58,1
DA:59,2
DA:62,1
DA:63,1
DA:64,1
DA:67,1
DA:72,1
DA:78,3
DA:79,6
DA:83,6
DA:84,6
DA:85,5
DA:89,3
DA:90,1
DA:93,3
DA:94,4
DA:99,4
DA:106,3
DA:111,1
DA:112,1
DA:113,1
DA:114,1
DA:119,3
LF:34
LH:34
BRDA:38,0,0,21
BRDA:38,0,1,0
BRDA:66,1,0,1
BRDA:66,1,1,0
BRDA:71,2,0,1
BRDA:71,2,1,0
BRDA:84,3,0,5
BRDA:84,3,1,1
BRDA:112,4,0,1
BRDA:112,4,1,0
BRF:10
BRH:6
end_of_record
TN:
SF:src/stores/home.store.tsx
FN:12,(anonymous_0)
FN:77,(anonymous_1)
FN:84,(anonymous_2)
FNF:3
FNH:1
FNDA:6,(anonymous_0)
FNDA:0,(anonymous_1)
FNDA:0,(anonymous_2)
DA:5,2
DA:6,2
DA:7,2
DA:8,2
DA:9,2
DA:10,2
DA:12,2
DA:13,6
DA:14,6
DA:15,6
DA:16,6
DA:18,6
DA:19,5
DA:20,5
DA:24,5
DA:28,5
DA:29,5
DA:31,5
DA:32,3
DA:33,3
DA:36,5
DA:43,5
DA:44,5
DA:46,5
DA:47,2
DA:48,3
DA:49,1
DA:53,0
DA:54,0
DA:55,0
DA:56,0
DA:57,0
DA:61,5
DA:62,1
DA:63,1
DA:64,4
DA:65,2
DA:66,2
DA:68,2
DA:69,2
DA:72,1
DA:73,1
DA:77,2
DA:81,0
DA:82,0
DA:83,0
DA:84,0
DA:85,0
DA:88,0
DA:91,2
LF:50
LH:39
BRDA:18,0,0,5
BRDA:18,0,1,1
BRDA:18,1,0,6
BRDA:18,1,1,5
BRDA:18,1,2,5
BRDA:24,2,0,5
BRDA:24,2,1,3
BRDA:24,2,2,3
BRDA:31,3,0,3
BRDA:31,3,1,2
BRDA:31,4,0,5
BRDA:31,4,1,3
BRDA:36,5,0,5
BRDA:36,5,1,0
BRDA:37,6,0,5
BRDA:37,6,1,5
BRDA:37,6,2,5
BRDA:37,6,3,5
BRDA:46,7,0,2
BRDA:46,7,1,3
BRDA:48,8,0,1
BRDA:48,8,1,2
BRDA:54,9,0,0
BRDA:54,9,1,0
BRDA:56,10,0,0
BRDA:56,10,1,0
BRDA:61,11,0,1
BRDA:61,11,1,4
BRDA:64,12,0,2
BRDA:64,12,1,2
BRDA:81,13,0,0
BRDA:81,13,1,0
BRDA:83,14,0,0
BRDA:83,14,1,0
BRF:34
BRH:25
end_of_record
TN:
SF:src/stores/stations.store.ts
FN:163,(anonymous_0)
FN:213,(anonymous_1)
FN:217,(anonymous_2)
FN:224,(anonymous_3)
FN:234,(anonymous_4)
FN:271,(anonymous_5)
FN:273,(anonymous_6)
FN:275,(anonymous_7)
FN:278,(anonymous_8)
FN:279,(anonymous_9)
FN:280,(anonymous_10)
FN:316,(anonymous_11)
FN:318,(anonymous_12)
FN:320,(anonymous_13)
FN:333,(anonymous_14)
FN:337,(anonymous_15)
FN:347,(anonymous_16)
FN:357,(anonymous_17)
FN:367,(anonymous_18)
FN:368,(anonymous_19)
FN:369,(anonymous_20)
FN:384,(anonymous_21)
FN:386,(anonymous_22)
FN:391,(anonymous_23)
FN:403,(anonymous_24)
FN:405,(anonymous_25)
FN:458,(anonymous_26)
FN:477,(anonymous_27)
FN:498,(anonymous_28)
FN:502,(anonymous_29)
FN:504,(anonymous_30)
FN:510,(anonymous_31)
FN:514,(anonymous_32)
FN:515,(anonymous_33)
FN:531,(anonymous_34)
FN:532,(anonymous_35)
FN:563,(anonymous_36)
FN:564,(anonymous_37)
FN:580,(anonymous_38)
FN:598,(anonymous_39)
FN:607,(anonymous_40)
FN:622,(anonymous_41)
FN:629,(anonymous_42)
FN:633,(anonymous_43)
FN:636,(anonymous_44)
FN:645,(anonymous_45)
FN:654,(anonymous_46)
FN:663,(anonymous_47)
FN:666,(anonymous_48)
FN:674,(anonymous_49)
FN:678,(anonymous_50)
FNF:51
FNH:30
FNDA:0,(anonymous_0)
FNDA:0,(anonymous_1)
FNDA:1,(anonymous_2)
FNDA:1,(anonymous_3)
FNDA:3,(anonymous_4)
FNDA:1,(anonymous_5)
FNDA:0,(anonymous_6)
FNDA:0,(anonymous_7)
FNDA:0,(anonymous_8)
FNDA:0,(anonymous_9)
FNDA:0,(anonymous_10)
FNDA:1,(anonymous_11)
FNDA:0,(anonymous_12)
FNDA:0,(anonymous_13)
FNDA:0,(anonymous_14)
FNDA:13,(anonymous_15)
FNDA:2,(anonymous_16)
FNDA:5,(anonymous_17)
FNDA:0,(anonymous_18)
FNDA:0,(anonymous_19)
FNDA:0,(anonymous_20)
FNDA:3,(anonymous_21)
FNDA:4,(anonymous_22)
FNDA:3,(anonymous_23)
FNDA:2,(anonymous_24)
FNDA:2,(anonymous_25)
FNDA:0,(anonymous_26)
FNDA:0,(anonymous_27)
FNDA:1,(anonymous_28)
FNDA:2,(anonymous_29)
FNDA:1,(anonymous_30)
FNDA:3,(anonymous_31)
FNDA:1,(anonymous_32)
FNDA:1,(anonymous_33)
FNDA:1,(anonymous_34)
FNDA:1,(anonymous_35)
FNDA:1,(anonymous_36)
FNDA:1,(anonymous_37)
FNDA:3,(anonymous_38)
FNDA:4,(anonymous_39)
FNDA:0,(anonymous_40)
FNDA:1,(anonymous_41)
FNDA:0,(anonymous_42)
FNDA:3,(anonymous_43)
FNDA:3,(anonymous_44)
FNDA:2,(anonymous_45)
FNDA:0,(anonymous_46)
FNDA:15,(anonymous_47)
FNDA:0,(anonymous_48)
FNDA:0,(anonymous_49)
FNDA:0,(anonymous_50)
DA:68,1
DA:131,1
DA:157,1
DA:158,1
DA:159,1
DA:160,1
DA:161,1
DA:165,0
DA:167,1
DA:168,1
DA:169,1
DA:170,1
DA:171,1
DA:173,1
DA:203,1
DA:205,1
DA:214,0
DA:219,1
DA:220,1
DA:221,1
DA:225,1
DA:230,1
DA:231,1
DA:234,1
DA:235,3
DA:236,1
DA:239,2
DA:241,2
DA:245,0
DA:246,0
DA:247,2
DA:251,1
DA:252,1
DA:253,1
DA:257,0
DA:258,0
DA:261,2
DA:262,1
DA:263,1
DA:264,1
DA:273,1
DA:274,0
DA:275,0
DA:276,0
DA:278,0
DA:279,0
DA:280,0
DA:281,0
DA:282,0
DA:284,0
DA:285,0
DA:289,0
DA:294,0
DA:295,0
DA:296,0
DA:297,0
DA:301,0
DA:302,0
DA:311,0
DA:318,1
DA:319,0
DA:320,0
DA:322,0
DA:329,1
DA:330,1
DA:333,1
DA:334,0
DA:338,13
DA:339,9
DA:341,4
DA:342,3
DA:344,1
DA:348,2
DA:349,1
DA:351,1
DA:352,1
DA:354,0
DA:358,5
DA:359,2
DA:361,3
DA:362,2
DA:364,1
DA:368,0
DA:369,0
DA:370,0
DA:372,0
DA:373,0
DA:375,0
DA:376,0
DA:378,0
DA:379,0
DA:381,0
DA:385,3
DA:386,4
DA:388,1
DA:392,3
DA:393,3
DA:394,1
DA:403,2
DA:404,2
DA:405,2
DA:409,2
DA:410,2
DA:412,2
DA:415,2
DA:416,2
DA:417,2
DA:420,2
DA:421,2
DA:423,2
DA:424,2
DA:427,2
DA:433,2
DA:436,2
DA:439,2
DA:440,2
DA:441,1
DA:443,1
DA:446,2
DA:459,0
DA:460,0
DA:463,0
DA:464,0
DA:467,0
DA:468,0
DA:470,0
DA:471,0
DA:475,0
DA:477,0
DA:480,0
DA:481,0
DA:482,0
DA:483,0
DA:484,0
DA:485,0
DA:486,0
DA:488,0
DA:489,0
DA:490,0
DA:491,0
DA:494,0
DA:498,1
DA:499,1
DA:502,1
DA:503,2
DA:504,1
DA:506,1
DA:510,1
DA:511,3
DA:514,1
DA:515,1
DA:516,1
DA:517,1
DA:524,1
DA:525,1
DA:526,1
DA:527,1
DA:531,1
DA:532,1
DA:533,1
DA:534,1
DA:535,1
DA:536,1
DA:537,1
DA:540,1
DA:541,1
DA:543,1
DA:552,1
DA:557,1
DA:558,1
DA:559,1
DA:563,1
DA:564,1
DA:565,1
DA:566,1
DA:567,1
DA:569,1
DA:574,1
DA:575,1
DA:576,1
DA:580,1
DA:585,3
DA:593,3
DA:594,0
DA:598,1
DA:599,4
DA:600,4
DA:601,4
DA:602,1
DA:603,1
DA:607,1
DA:608,0
DA:610,0
DA:612,0
DA:617,0
DA:618,0
DA:619,0
DA:622,1
DA:626,1
DA:629,1
DA:630,0
DA:633,1
DA:635,3
DA:636,3
DA:637,3
DA:638,1
DA:639,1
DA:644,3
DA:645,2
DA:646,1
DA:647,1
DA:648,1
DA:653,3
DA:654,0
DA:655,0
DA:656,0
DA:657,0
DA:663,15
DA:665,3
DA:666,0
DA:667,0
DA:668,0
DA:669,0
DA:674,1
DA:675,0
DA:678,1
DA:679,0
DA:680,0
DA:685,1
LF:229
LH:149
BRDA:214,0,0,0
BRDA:214,0,1,0
BRDA:235,1,0,1
BRDA:235,1,1,2
BRDA:241,2,0,0
BRDA:241,2,1,2
BRDA:242,3,0,2
BRDA:242,3,1,0
BRDA:247,4,0,1
BRDA:247,4,1,1
BRDA:248,5,0,2
BRDA:248,5,1,2
BRDA:253,6,0,0
BRDA:253,6,1,1
BRDA:254,7,0,1
BRDA:254,7,1,0
BRDA:261,8,0,1
BRDA:261,8,1,1
BRDA:261,9,0,2
BRDA:261,9,1,1
BRDA:281,10,0,0
BRDA:281,10,1,0
BRDA:281,11,0,0
BRDA:281,11,1,0
BRDA:281,11,2,0
BRDA:294,12,0,0
BRDA:294,12,1,0
BRDA:294,13,0,0
BRDA:294,13,1,0
BRDA:296,14,0,0
BRDA:296,14,1,0
BRDA:301,15,0,0
BRDA:301,15,1,0
BRDA:301,16,0,0
BRDA:301,16,1,0
BRDA:319,17,0,0
BRDA:319,17,1,0
BRDA:338,18,0,9
BRDA:338,18,1,4
BRDA:341,19,0,3
BRDA:341,19,1,1
BRDA:348,20,0,1
BRDA:348,20,1,1
BRDA:351,21,0,1
BRDA:351,21,1,0
BRDA:358,22,0,2
BRDA:358,22,1,3
BRDA:361,23,0,2
BRDA:361,23,1,1
BRDA:372,24,0,0
BRDA:372,24,1,0
BRDA:375,25,0,0
BRDA:375,25,1,0
BRDA:375,26,0,0
BRDA:375,26,1,0
BRDA:378,27,0,0
BRDA:378,27,1,0
BRDA:378,28,0,0
BRDA:378,28,1,0
BRDA:385,29,0,2
BRDA:385,29,1,1
BRDA:393,30,0,1
BRDA:393,30,1,2
BRDA:412,31,0,2
BRDA:412,31,1,0
BRDA:420,32,0,2
BRDA:420,32,1,0
BRDA:420,33,0,2
BRDA:420,33,1,0
BRDA:420,33,2,2
BRDA:423,34,0,2
BRDA:423,34,1,0
BRDA:423,35,0,2
BRDA:423,35,1,0
BRDA:423,35,2,2
BRDA:427,36,0,2
BRDA:427,36,1,0
BRDA:428,37,0,2
BRDA:428,37,1,2
BRDA:428,37,2,2
BRDA:428,37,3,2
BRDA:436,38,0,1
BRDA:436,38,1,1
BRDA:440,39,0,1
BRDA:440,39,1,1
BRDA:459,40,0,0
BRDA:459,40,1,0
BRDA:467,41,0,0
BRDA:467,41,1,0
BRDA:467,42,0,0
BRDA:467,42,1,0
BRDA:467,42,2,0
BRDA:470,43,0,0
BRDA:470,43,1,0
BRDA:470,44,0,0
BRDA:470,44,1,0
BRDA:470,44,2,0
BRDA:475,45,0,0
BRDA:475,45,1,0
BRDA:475,45,2,0
BRDA:475,45,3,0
BRDA:480,46,0,0
BRDA:480,46,1,0
BRDA:503,47,0,1
BRDA:503,47,1,1
BRDA:516,48,0,1
BRDA:516,48,1,0
BRDA:533,49,0,1
BRDA:533,49,1,0
BRDA:537,50,0,1
BRDA:537,50,1,1
BRDA:540,51,0,1
BRDA:540,51,1,0
BRDA:565,52,0,1
BRDA:565,52,1,0
BRDA:567,53,0,1
BRDA:567,53,1,1
BRDA:593,54,0,0
BRDA:593,54,1,3
BRDA:601,55,0,1
BRDA:601,55,1,3
BRDA:624,56,0,0
BRDA:635,57,0,3
BRDA:635,57,1,0
BRDA:637,58,0,1
BRDA:637,58,1,2
BRDA:637,59,0,3
BRDA:637,59,1,3
BRDA:644,60,0,1
BRDA:644,60,1,2
BRDA:646,61,0,1
BRDA:646,61,1,0
BRDA:646,62,0,1
BRDA:646,62,1,1
BRDA:653,63,0,0
BRDA:653,63,1,3
BRDA:655,64,0,0
BRDA:655,64,1,0
BRDA:655,65,0,0
BRDA:655,65,1,0
BRDA:665,66,0,0
BRDA:665,66,1,3
BRDA:667,67,0,0
BRDA:667,67,1,0
BRDA:667,68,0,0
BRDA:667,68,1,0
BRDA:679,69,0,0
BRDA:679,69,1,0
BRF:148
BRH:70
end_of_record
